   0.000000     0.640924     0.000000     0.384895
   0.000000     0.511787     0.000000     0.866278
   0.000000     0.479213     0.000000     0.942977
   0.000000     0.450267     0.000000     0.986253
   0.000000     0.394082     0.000000     0.996533
   0.000000     0.611929     0.000000     0.999523
   0.000000     0.481563     0.999868     0.995656
   0.000000     0.556017     0.999932     0.998873
   0.000000     0.620744     0.999950     0.999470
   0.000000     0.679604     0.999959     0.999725
   0.000000     0.668936     0.999965     0.999828
   0.000000     0.786790     0.999992     0.999876
   0.000000     0.758928     0.999992     0.999920
   0.000000     0.742096     0.999992     0.999947
   0.000000     0.824287     0.999992     0.999966
   0.000000     0.786756     0.999996     0.999974
   0.000000     0.841915     0.999997     0.999978
   0.000000     0.842997     0.999996     0.999986
   0.000000     0.851435     0.999996     0.999988
   0.000000     0.854739     0.999997     0.999990
   0.000000     0.846497     0.999996     0.999990
   0.000000     0.851979     0.999997     0.999991
   0.000000     0.863210     0.999997     0.999992
   0.000000     0.863461     0.999997     0.999993
   0.000000     0.870367     0.999997     0.999994
   0.000000     0.874283     0.999997     0.999994
   0.000000     0.891287     0.999997     0.999994
   0.000000     0.886405     0.999997     0.999994
   0.000000     0.885455     0.999997     0.999994
   0.000000     0.876264     0.999997     0.999994
   0.000000     0.887413     0.999997     0.999995
   0.000000     0.886948     0.999997     0.999995
   0.000000     0.891815     0.999997     0.999996
   0.000000     0.885794     0.999996     0.999996
   0.000000     0.893445     0.999996     0.999996
   0.000000     0.886136     0.999996     0.999996
   0.000000     0.880212     0.999995     0.999996
   0.000000     0.876719     0.999994     0.999996
   0.000000     0.862719     0.999992     0.999995
   0.000000     0.880535     0.999991     0.999996
   0.000000     0.868909     0.999990     0.999996
   0.000000     0.939099     0.000000     0.256114
   0.000000     0.898526     0.000000     0.793250
   0.000000     0.901197     0.000000     0.925838
   0.000000     0.898504     0.000000     0.982150
   0.000000     0.880245     0.000000     0.994727
   0.000000     0.911136     0.000000     0.999028
   0.000000     0.907097     0.999834     0.993836
   0.000000     0.920160     0.999925     0.998485
   0.000000     0.940385     0.999949     0.999419
   0.000000     0.949591     0.999961     0.999708
   0.000000     0.958608     0.999966     0.999819
   0.000000     0.959156     0.999992     0.999881
   0.000000     0.965639     0.999992     0.999919
   0.000000     0.965806     0.999992     0.999935
   0.000000     0.969512     0.999992     0.999959
   0.000000     0.976299     0.999996     0.999972
   0.000000     0.977740     0.999997     0.999979
   0.000000     0.979548     0.999996     0.999982
   0.000000     0.979355     0.999996     0.999986
   0.000000     0.981730     0.999997     0.999987
   0.000000     0.981845     0.999996     0.999988
   0.000000     0.983000     0.999997     0.999990
   0.000000     0.983865     0.999997     0.999991
   0.000000     0.983253     0.999997     0.999991
   0.000000     0.984515     0.999997     0.999992
   0.000000     0.984767     0.999997     0.999993
   0.000000     0.984440     0.999997     0.999993
   0.000000     0.985200     0.999997     0.999993
   0.000000     0.985244     0.999997     0.999993
   0.000000     0.985445     0.999997     0.999994
   0.000000     0.985384     0.999997     0.999994
   0.000000     0.985470     0.999997     0.999995
   0.000000     0.985391     0.999997     0.999995
   0.000000     0.985752     0.999996     0.999995
   0.000000     0.985286     0.999996     0.999995
   0.000000     0.984624     0.999995     0.999995
   0.000000     0.984549     0.999995     0.999995
   0.000000     0.983382     0.999994     0.999995
   0.000000     0.983442     0.999992     0.999995
   0.000000     0.982524     0.999991     0.999995
   0.000000     0.982299     0.999990     0.999995
   0.000000     0.977710     0.000000     0.225901
   0.000000     0.963315     0.000000     0.780587
   0.000000     0.958518     0.000000     0.912179
   0.000000     0.952768     0.000000     0.975487
   0.000000     0.953111     0.000000     0.994169
   0.000000     0.963716     0.000000     0.998941
   0.000000     0.959328     0.999857     0.994435
   0.000000     0.973583     0.999928     0.998556
   0.000000     0.978659     0.999951     0.999413
   0.000000     0.982844     0.999962     0.999715
   0.000000     0.983717     0.999967     0.999825
   0.000000     0.986694     0.999992     0.999887
   0.000000     0.987860     0.999992     0.999915
   0.000000     0.988106     0.999992     0.999935
   0.000000     0.990405     0.999992     0.999961
   0.000000     0.991499     0.999996     0.999973
   0.000000     0.992240     0.999997     0.999979
   0.000000     0.992815     0.999996     0.999983
   0.000000     0.993275     0.999996     0.999986
   0.000000     0.993534     0.999997     0.999987
   0.000000     0.993668     0.999996     0.999989
   0.000000     0.994153     0.999997     0.999990
   0.000000     0.994344     0.999997     0.999991
   0.000000     0.994431     0.999997     0.999991
   0.000000     0.994634     0.999997     0.999992
   0.000000     0.994604     0.999997     0.999993
   0.000000     0.994669     0.999997     0.999993
   0.000000     0.994803     0.999997     0.999993
   0.000000     0.994802     0.999997     0.999993
   0.000000     0.994970     0.999997     0.999994
   0.000000     0.995030     0.999997     0.999994
   0.000000     0.995055     0.999997     0.999995
   0.000000     0.995116     0.999997     0.999995
   0.000000     0.995053     0.999996     0.999995
   0.000000     0.994939     0.999996     0.999995
   0.000000     0.994842     0.999995     0.999995
   0.000000     0.994491     0.999995     0.999995
   0.000000     0.994475     0.999994     0.999995
   0.000000     0.994192     0.999993     0.999995
   0.000000     0.994202     0.999991     0.999995
   0.000000     0.994030     0.999990     0.999995
   0.000000     0.995003     0.000000     0.223887
   0.000000     0.990438     0.000000     0.783265
   0.000000     0.986101     0.000000     0.869656
   0.000000     0.988186     0.000000     0.974865
   0.000000     0.989652     0.000000     0.994715
   0.000000     0.991825     0.000000     0.998968
   0.000000     0.991431     0.999884     0.995611
   0.000000     0.993809     0.999941     0.998823
   0.000000     0.995156     0.999956     0.999492
   0.000000     0.995832     0.999963     0.999725
   0.000000     0.996404     0.999967     0.999830
   0.000000     0.996714     0.999992     0.999884
   0.000000     0.996911     0.999992     0.999915
   0.000000     0.997267     0.999992     0.999936
   0.000000     0.997726     0.999991     0.999960
   0.000000     0.997942     0.999995     0.999972
   0.000000     0.998101     0.999997     0.999978
   0.000000     0.998259     0.999996     0.999982
   0.000000     0.998359     0.999996     0.999985
   0.000000     0.998439     0.999997     0.999987
   0.000000     0.998469     0.999996     0.999988
   0.000000     0.998577     0.999997     0.999990
   0.000000     0.998610     0.999997     0.999990
   0.000000     0.998626     0.999997     0.999991
   0.000000     0.998657     0.999997     0.999992
   0.000000     0.998700     0.999997     0.999992
   0.000000     0.998726     0.999997     0.999993
   0.000000     0.998732     0.999997     0.999993
   0.000000     0.998740     0.999997     0.999993
   0.000000     0.998758     0.999997     0.999993
   0.000000     0.998776     0.999997     0.999994
   0.000000     0.998805     0.999997     0.999994
   0.000000     0.998778     0.999997     0.999995
   0.000000     0.998784     0.999996     0.999995
   0.000000     0.998754     0.999996     0.999995
   0.000000     0.998697     0.999995     0.999995
   0.000000     0.998651     0.999995     0.999995
   0.000000     0.998605     0.999994     0.999995
   0.000000     0.998560     0.999992     0.999995
   0.000000     0.998533     0.999991     0.999995
   0.000000     0.998531     0.999990     0.999994
   0.000000     0.998705     0.000000     0.041245
   0.000000     0.997920     0.000000     0.808317
   0.000000     0.997762     0.000000     0.921976
   0.000000     0.997627     0.000000     0.979069
   0.000000     0.997720     0.000000     0.995006
   0.000000     0.998300     0.000000     0.999069
   0.000000     0.998292     0.999924     0.997178
   0.000000     0.998704     0.999952     0.999058
   0.000000     0.998899     0.999963     0.999568
   0.000000     0.999073     0.999966     0.999751
   0.000000     0.999171     0.999969     0.999841
   0.000000     0.999240     0.999992     0.999887
   0.000000     0.999309     0.999992     0.999916
   0.000000     0.999344     0.999992     0.999934
   0.000000     0.999441     0.999991     0.999959
   0.000000     0.999500     0.999995     0.999970
   0.000000     0.999540     0.999997     0.999977
   0.000000     0.999580     0.999996     0.999981
   0.000000     0.999602     0.999995     0.999984
   0.000000     0.999624     0.999996     0.999986
   0.000000     0.999637     0.999996     0.999987
   0.000000     0.999649     0.999997     0.999989
   0.000000     0.999657     0.999997     0.999990
   0.000000     0.999667     0.999997     0.999990
   0.000000     0.999673     0.999997     0.999991
   0.000000     0.999679     0.999997     0.999991
   0.000000     0.999684     0.999997     0.999992
   0.000000     0.999688     0.999997     0.999992
   0.000000     0.999690     0.999997     0.999992
   0.000000     0.999696     0.999997     0.999993
   0.000000     0.999701     0.999997     0.999993
   0.000000     0.999702     0.999997     0.999994
   0.000000     0.999701     0.999996     0.999994
   0.000000     0.999697     0.999996     0.999994
   0.000000     0.999693     0.999996     0.999994
   0.000000     0.999679     0.999995     0.999994
   0.000000     0.999662     0.999994     0.999994
   0.000000     0.999654     0.999993     0.999994
   0.000000     0.999644     0.999992     0.999994
   0.000000     0.999639     0.999991     0.999994
   0.000000     0.999633     0.999990     0.999994
   0.000000     0.999717     0.000000     0.237161
   0.000000     0.999571     0.000000     0.823094
   0.000000     0.999493     0.000000     0.920395
   0.000000     0.999522     0.000000     0.982105
   0.000000     0.999572     0.000000     0.995965
   0.000000     0.999646     0.000000     0.999131
   0.000000     0.999673     0.999957     0.998424
   0.000000     0.999731     0.999962     0.999304
   0.000000     0.999761     0.999968     0.999635
   0.000000     0.999789     0.999969     0.999773
   0.000000     0.999805     0.999970     0.999846
   0.000000     0.999824     0.999992     0.999887
   0.000000     0.999834     0.999992     0.999913
   0.000000     0.999846     0.999992     0.999930
   0.000000     0.999865     0.999990     0.999955
   0.000000     0.999878     0.999995     0.999967
   0.000000     0.999887     0.999996     0.999974
   0.000000     0.999895     0.999996     0.999978
   0.000000     0.999900     0.999995     0.999981
   0.000000     0.999905     0.999996     0.999984
   0.000000     0.999908     0.999995     0.999985
   0.000000     0.999912     0.999996     0.999987
   0.000000     0.999914     0.999997     0.999988
   0.000000     0.999916     0.999996     0.999989
   0.000000     0.999917     0.999997     0.999989
   0.000000     0.999918     0.999996     0.999990
   0.000000     0.999919     0.999997     0.999990
   0.000000     0.999921     0.999996     0.999991
   0.000000     0.999921     0.999997     0.999991
   0.000000     0.999922     0.999996     0.999991
   0.000000     0.999924     0.999996     0.999992
   0.000000     0.999924     0.999996     0.999993
   0.000000     0.999923     0.999996     0.999993
   0.000000     0.999922     0.999996     0.999993
   0.000000     0.999921     0.999996     0.999993
   0.000000     0.999917     0.999995     0.999993
   0.000000     0.999913     0.999994     0.999993
   0.000000     0.999910     0.999993     0.999993
   0.000000     0.999908     0.999992     0.999993
   0.000000     0.999906     0.999991     0.999993
   0.000000     0.999905     0.999989     0.999993
   0.999996     0.999885     0.000000     0.078419
   0.999984     0.999836     0.000000     0.330278
   0.999990     0.999743     0.000000     0.731150
   0.999978     0.999761     0.000000     0.900614
   0.999988     0.999772     0.000000     0.983837
   0.999990     0.999816     0.000000     0.997065
   0.997191     0.996922     0.989137     0.995145
   0.996587     0.995755     0.987054     0.998107
   0.995002     0.993531     0.981823     0.999190
   0.993534     0.991105     0.976697     0.999643
   0.991460     0.987998     0.969585     0.999832
   0.988037     0.982879     0.989438     0.999849
   0.985060     0.977931     0.986572     0.999774
   0.982133     0.973224     0.983768     0.999617
   0.957033     0.934796     0.960070     0.998325
   0.937354     0.902370     0.972620     0.996722
   0.895403     0.833949     0.972511     0.993640
   0.834613     0.734252     0.954084     0.988625
   0.768172     0.622234     0.931282     0.982905
   0.730333     0.556785     0.945466     0.979364
   0.732245     0.556499     0.942779     0.978640
   0.660947     0.437307     0.947793     0.972231
   0.661687     0.435076     0.959571     0.971876
   0.655183     0.419359     0.957101     0.970555
   0.652829     0.412214     0.965197     0.970189
   0.664187     0.426898     0.964653     0.970868
   0.680915     0.450520     0.971744     0.972249
   0.673835     0.436506     0.970410     0.971208
   0.664638     0.419316     0.974285     0.970474
   0.689525     0.459313     0.975170     0.972453
   0.713073     0.491727     0.981410     0.974147
   0.787351     0.616977     0.987988     0.980596
   0.846368     0.719529     0.992219     0.985801
   0.872833     0.764790     0.994049     0.988056
   0.886883     0.788920     0.994989     0.989279
   0.932380     0.871827     0.997086     0.993501
   0.943268     0.891983     0.997473     0.994522
   0.942102     0.889415     0.997201     0.994383
   0.942404     0.889883     0.996942     0.994408
   0.943079     0.891135     0.996613     0.994465
   0.941227     0.887863     0.996000     0.994300
   0.999989     0.999949     0.000000     0.026044
   0.999992     0.999907     0.000000     0.578812
   0.999988     0.999891     0.000000     0.768375
   0.999978     0.999892     0.000000     0.912827
   0.999989     0.999894     0.000000     0.985819
   0.999989     0.999911     0.000000     0.997022
   0.992098     0.995981     0.973817     0.997655
   0.986764     0.992745     0.958046     0.999326
   0.985861     0.991245     0.954709     0.999587
   0.976035     0.984685     0.924794     0.999192
   0.967951     0.978615     0.899205     0.998439
   0.942905     0.960816     0.955597     0.996172
   0.918175     0.941967     0.935524     0.993629
   0.834055     0.880261     0.868874     0.985108
   0.668405     0.750054     0.729973     0.963931
   0.657585     0.736936     0.873065     0.958737
   0.773384     0.820557     0.950027     0.971684
   0.867173     0.893481     0.969642     0.982925
   0.888289     0.908599     0.973143     0.985490
   0.889424     0.908219     0.982280     0.985502
   0.916004     0.929480     0.986066     0.988923
   0.901458     0.916040     0.987976     0.987149
   0.899149     0.913259     0.990686     0.986842
   0.919024     0.929785     0.992311     0.989429
   0.905077     0.916986     0.992865     0.987693
   0.889496     0.902321     0.991406     0.985679
   0.889125     0.900785     0.992924     0.985641
   0.859055     0.872926     0.990618     0.981882
   0.866051     0.878388     0.992693     0.982749
   0.827094     0.841563     0.990224     0.977770
   0.701505     0.718716     0.986727     0.961851
   0.538106     0.554661     0.983236     0.941014
   0.597534     0.603163     0.987444     0.948221
   0.759955     0.759508     0.993438     0.968985
   0.854443     0.851422     0.996243     0.981062
   0.940638     0.937538     0.998635     0.992125
   0.958166     0.955066     0.999051     0.994369
   0.967101     0.964243     0.999198     0.995528
   0.971981     0.969330     0.999260     0.996168
   0.974234     0.971694     0.999235     0.996469
   0.976849     0.974541     0.999222     0.996820
   0.999994     0.999968     0.000000     0.082103
   0.999992     0.999946     0.000000     0.613945
   0.999990     0.999938     0.000000     0.776442
   0.999989     0.999934     0.000000     0.940427
   0.999986     0.999941     0.000000     0.985313
   0.999988     0.999948     0.000000     0.996978
   0.978141     0.994225     0.935465     0.998580
   0.970973     0.991363     0.914508     0.998144
   0.960373     0.987054     0.884777     0.996285
   0.923975     0.974127     0.785497     0.990094
   0.866976     0.952359     0.625610     0.980521
   0.712032     0.892041     0.795651     0.955438
   0.587934     0.841027     0.706248     0.933374
   0.600329     0.842435     0.715541     0.931937
   0.848652     0.937496     0.890757     0.972794
   0.890023     0.952524     0.963678     0.979812
   0.927353     0.967746     0.986233     0.986537
   0.948334     0.976505     0.989822     0.990606
   0.948436     0.976115     0.989573     0.990773
   0.948957     0.975861     0.993194     0.990936
   0.955023     0.978403     0.993904     0.992089
   0.954688     0.977919     0.995654     0.992146
   0.953144     0.976736     0.996579     0.991988
   0.948953     0.974342     0.996214     0.991355
   0.945699     0.972304     0.996838     0.990901
   0.939763     0.968914     0.996423     0.990004
   0.931851     0.964466     0.996770     0.988796
   0.926763     0.961363     0.996400     0.988111
   0.909630     0.951909     0.996420     0.985361
   0.909684     0.951520     0.996374     0.985487
   0.792814     0.884407     0.993733     0.967264
   0.557715     0.745400     0.989726     0.930496
   0.493316     0.700216     0.990216     0.920553
   0.804390     0.880996     0.996726     0.969008
   0.882831     0.927321     0.998315     0.981396
   0.959538     0.973821     0.999528     0.993458
   0.976923     0.984578     0.999737     0.996183
   0.981574     0.987459     0.999791     0.996913
   0.984680     0.989471     0.999811     0.997417
   0.985664     0.990092     0.999804     0.997569
   0.986070     0.990330     0.999783     0.997633
   0.999996     0.999971     0.000000     0.351980
   0.999989     0.999971     0.000000     0.565438
   0.999991     0.999962     0.000000     0.822452
   0.999987     0.999959     0.000000     0.940264
   0.999985     0.999962     0.000000     0.984472
   0.999986     0.999965     0.000000     0.996595
   0.955700     0.993340     0.877895     0.992512
   0.927899     0.987942     0.806912     0.984844
   0.890300     0.979564     0.706221     0.975857
   0.842469     0.968717     0.580217     0.964444
   0.760050     0.950288     0.371605     0.942034
   0.528664     0.896303     0.687901     0.887085
   0.669681     0.925414     0.783356     0.919236
   0.782352     0.949349     0.857512     0.946211
   0.875225     0.968992     0.917176     0.969778
   0.929047     0.981637     0.978889     0.983125
   0.936286     0.982886     0.989096     0.985299
   0.948604     0.985826     0.991154     0.988373
   0.956542     0.987684     0.992397     0.990410
   0.957513     0.987686     0.995177     0.990863
   0.954413     0.986546     0.994800     0.990398
   0.951925     0.985453     0.996087     0.990105
   0.950605     0.984851     0.997035     0.990030
   0.948869     0.984090     0.996948     0.989843
   0.940828     0.981286     0.997279     0.988447
   0.939599     0.980597     0.997174     0.988379
   0.934710     0.978827     0.997637     0.987583
   0.926422     0.975726     0.997301     0.986123
   0.913828     0.971323     0.997449     0.983974
   0.887842     0.962164     0.996642     0.979288
   0.734146     0.906130     0.994460     0.951964
   0.363268     0.767510     0.990487     0.886614
   0.681635     0.879314     0.996188     0.943294
   0.869741     0.949078     0.998744     0.976738
   0.938990     0.975518     0.999488     0.989062
   0.974966     0.989396     0.999848     0.995394
   0.984476     0.993185     0.999918     0.997084
   0.988405     0.994796     0.999940     0.997794
   0.989954     0.995419     0.999942     0.998063
   0.990855     0.995789     0.999941     0.998223
   0.991037     0.995864     0.999937     0.998260
   0.999995     0.999983     0.000000     0.155212
   0.999983     0.999982     0.000000     0.482833
   0.999993     0.999970     0.000000     0.815821
   0.999981     0.999972     0.000000     0.925815
   0.999985     0.999974     0.000000     0.984589
   0.999983     0.999975     0.000000     0.996060
   0.915296     0.992347     0.777927     0.971303
   0.875389     0.987256     0.679406     0.958318
   0.807941     0.978706     0.517260     0.934492
   0.756590     0.970923     0.390435     0.920271
   0.753100     0.968279     0.385688     0.919199
   0.624235     0.949420     0.767112     0.880782
   0.766124     0.967411     0.856125     0.926759
   0.846898     0.977951     0.906471     0.952463
   0.904555     0.985283     0.941572     0.972065
   0.932224     0.988963     0.981515     0.980961
   0.941858     0.990154     0.991134     0.984244
   0.950717     0.991328     0.992353     0.987216
   0.945541     0.990116     0.991479     0.986419
   0.944930     0.989690     0.994464     0.986604
   0.944626     0.989414     0.994479     0.986918
   0.948800     0.989981     0.996488     0.988168
   0.933848     0.986772     0.996611     0.985088
   0.931786     0.986165     0.996622     0.984932
   0.922219     0.983914     0.997017     0.983236
   0.917699     0.982615     0.996868     0.982415
   0.884135     0.975197     0.996546     0.975729
   0.872844     0.972412     0.996322     0.973674
   0.860807     0.969345     0.996725     0.971513
   0.766565     0.947897     0.994492     0.952834
   0.439728     0.868779     0.991567     0.890111
   0.550270     0.889767     0.995265     0.912825
   0.857898     0.963746     0.998872     0.972504
   0.939197     0.983928     0.999633     0.988203
   0.962033     0.989686     0.999825     0.992615
   0.983740     0.995315     0.999950     0.996768
   0.989076     0.996700     0.999971     0.997761
   0.991478     0.997363     0.999978     0.998230
   0.992554     0.997652     0.999980     0.998430
   0.993242     0.997850     0.999979     0.998570
   0.993640     0.997960     0.999977     0.998643
   0.999997     0.999989     0.000000     0.019781
   0.999997     0.999985     0.000000     0.516838
   0.999997     0.999979     0.000000     0.776813
   0.999996     0.999979     0.000000     0.926443
   0.999995     0.999979     0.000000     0.981369
   0.999995     0.999981     0.000000     0.995559
   0.964708     0.992089     0.645228     0.927842
   0.951058     0.987451     0.516896     0.909584
   0.933975     0.981061     0.345869     0.892427
   0.920655     0.975786     0.227640     0.875443
   0.927471     0.976286     0.300660     0.888926
   0.893566     0.963402     0.747396     0.840889
   0.933160     0.976028     0.842641     0.902761
   0.948419     0.980684     0.877728     0.928507
   0.970691     0.988188     0.932056     0.961199
   0.976297     0.989853     0.975729     0.970292
   0.979819     0.990948     0.988446     0.976031
   0.982770     0.991966     0.990262     0.980369
   0.980868     0.990765     0.989240     0.979059
   0.980169     0.990142     0.992919     0.979157
   0.979306     0.989391     0.992639     0.978960
   0.978094     0.988516     0.994705     0.978342
   0.977433     0.987908     0.996087     0.978237
   0.970652     0.983896     0.994964     0.972346
   0.963748     0.979703     0.995309     0.966566
   0.956278     0.975091     0.994498     0.960431
   0.945471     0.968425     0.994722     0.951557
   0.920446     0.953031     0.992343     0.930287
   0.903709     0.942303     0.992758     0.916810
   0.844474     0.905274     0.988588     0.867078
   0.741092     0.833487     0.988024     0.786104
   0.947561     0.964488     0.998388     0.957295
   0.981360     0.986851     0.999612     0.984935
   0.989783     0.992511     0.999847     0.991730
   0.993401     0.994993     0.999928     0.994613
   0.996896     0.997480     0.999979     0.997402
   0.997943     0.998251     0.999987     0.998234
   0.998300     0.998511     0.999989     0.998512
   0.998518     0.998677     0.999989     0.998688
   0.998628     0.998759     0.999988     0.998771
   0.998711     0.998828     0.999986     0.998843
   0.999998     0.999986     0.000000     0.243547
   0.999997     0.999986     0.000000     0.519986
   0.999996     0.999985     0.000000     0.764257
   0.999995     0.999983     0.000000     0.915246
   0.999995     0.999984     0.000000     0.980573
   0.999995     0.999985     0.000000     0.994928
   0.959324     0.994142     0.599444     0.899690
   0.935444     0.989387     0.379226     0.857347
   0.923509     0.985984     0.271896     0.849968
   0.919635     0.983980     0.239567     0.856280
   0.926609     0.984163     0.308093     0.875044
   0.892433     0.975608     0.751527     0.822438
   0.917745     0.980406     0.810857     0.870343
   0.935604     0.983968     0.852667     0.902094
   0.953068     0.987293     0.893917     0.934268
   0.966911     0.990499     0.967728     0.955979
   0.968209     0.990342     0.982601     0.960236
   0.969965     0.990463     0.983916     0.963997
   0.966861     0.989048     0.982394     0.962245
   0.966314     0.988505     0.988789     0.963059
   0.966494     0.988225     0.989225     0.964393
   0.959118     0.985230     0.991035     0.957889
   0.947675     0.980581     0.991694     0.947792
   0.938552     0.976669     0.990604     0.940094
   0.914210     0.966652     0.990201     0.918151
   0.879535     0.952286     0.986907     0.887217
   0.838400     0.934569     0.986174     0.851870
   0.721427     0.885401     0.977225     0.749065
   0.585532     0.825789     0.973190     0.630580
   0.590131     0.825044     0.974472     0.639607
   0.930376     0.968385     0.997419     0.940769
   0.976350     0.988671     0.999451     0.980255
   0.988586     0.994260     0.999828     0.990514
   0.993559     0.996625     0.999933     0.994636
   0.995538     0.997577     0.999967     0.996262
   0.997537     0.998564     0.999988     0.997884
   0.998253     0.998930     0.999991     0.998459
   0.998602     0.999115     0.999991     0.998742
   0.998726     0.999176     0.999990     0.998838
   0.998833     0.999236     0.999989     0.998927
   0.998879     0.999261     0.999987     0.998964
   0.999998     0.999991     0.000000     0.120620
   0.999995     0.999991     0.000000     0.313113
   0.999995     0.999989     0.000000     0.697582
   0.999995     0.999987     0.000000     0.918198
   0.999993     0.999987     0.000000     0.974045
   0.999994     0.999987     0.000000     0.993886
   0.948987     0.995129     0.501926     0.859115
   0.936279     0.992973     0.390110     0.850716
   0.923554     0.990644     0.278827     0.839239
   0.921564     0.989617     0.275629     0.845308
   0.922175     0.988752     0.280800     0.858892
   0.858369     0.978296     0.676682     0.755892
   0.884294     0.981226     0.738201     0.808496
   0.914239     0.985585     0.810784     0.861163
   0.929072     0.986876     0.844199     0.896462
   0.939589     0.988015     0.942215     0.917587
   0.943989     0.988269     0.970762     0.927792
   0.943934     0.987616     0.971173     0.931374
   0.938785     0.985917     0.969243     0.928473
   0.937624     0.985120     0.980760     0.929772
   0.910082     0.977778     0.972455     0.903233
   0.888709     0.971610     0.977207     0.883601
   0.868747     0.965587     0.981016     0.866515
   0.778242     0.940273     0.968784     0.780745
   0.692700     0.915504     0.967908     0.704467
   0.593737     0.885832     0.959615     0.617146
   0.583977     0.879999     0.968110     0.613849
   0.734615     0.921949     0.980718     0.757830
   0.835603     0.950725     0.990733     0.851918
   0.886121     0.965171     0.993749     0.898752
   0.970911     0.990485     0.999067     0.975082
   0.986643     0.995384     0.999748     0.988780
   0.992268     0.997185     0.999908     0.993539
   0.994981     0.998091     0.999960     0.995797
   0.996361     0.998562     0.999979     0.996934
   0.997901     0.999105     0.999991     0.998180
   0.998473     0.999314     0.999992     0.998643
   0.998720     0.999406     0.999991     0.998841
   0.998849     0.999453     0.999989     0.998942
   0.998946     0.999492     0.999987     0.999018
   0.998968     0.999498     0.999986     0.999032
   0.999997     0.999995     0.000000     0.011805
   0.999996     0.999993     0.000000     0.348165
   0.999994     0.999993     0.000000     0.620196
   0.999993     0.999992     0.000000     0.877133
   0.999992     0.999991     0.000000     0.966803
   0.999990     0.999991     0.000000     0.990721
   0.944107     0.997919     0.464030     0.814894
   0.933892     0.997181     0.381358     0.822892
   0.927463     0.996478     0.318795     0.839217
   0.921713     0.995796     0.276492     0.839289
   0.918523     0.995196     0.259104     0.842751
   0.812002     0.988190     0.571297     0.672182
   0.803617     0.987121     0.565490     0.668124
   0.802951     0.986463     0.571839     0.680300
   0.807506     0.985139     0.589800     0.717001
   0.719924     0.976403     0.741186     0.618999
   0.673517     0.970458     0.835677     0.581954
   0.647918     0.966374     0.828076     0.576108
   0.648242     0.964525     0.832553     0.596313
   0.646778     0.962846     0.898355     0.609647
   0.735853     0.970978     0.925654     0.720000
   0.793019     0.976442     0.961231     0.788327
   0.840358     0.981279     0.979175     0.842017
   0.901106     0.987994     0.987528     0.904611
   0.919607     0.989960     0.992556     0.924535
   0.948324     0.993353     0.995392     0.952580
   0.957702     0.994414     0.997144     0.961930
   0.967333     0.995575     0.997911     0.971105
   0.973453     0.996328     0.998708     0.976871
   0.979924     0.997159     0.999063     0.982752
   0.988993     0.998323     0.999717     0.990924
   0.993397     0.998921     0.999902     0.994632
   0.995446     0.999214     0.999959     0.996332
   0.996652     0.999392     0.999980     0.997290
   0.997283     0.999485     0.999988     0.997789
   0.998265     0.999641     0.999992     0.998544
   0.998653     0.999705     0.999990     0.998838
   0.998830     0.999734     0.999988     0.998969
   0.998937     0.999753     0.999986     0.999048
   0.998997     0.999763     0.999984     0.999094
   0.999024     0.999767     0.999982     0.999111
   0.999998     0.999996     0.000000     0.130570
   0.999998     0.999996     0.000000     0.348265
   0.999997     0.999995     0.000000     0.553256
   0.999995     0.999994     0.000000     0.793019
   0.999995     0.999994     0.000000     0.948519
   0.999993     0.999994     0.000000     0.985347
   0.974710     0.999098     0.443741     0.827820
   0.968991     0.998755     0.336100     0.829899
   0.970347     0.998619     0.364344     0.864833
   0.970388     0.998411     0.362987     0.877260
   0.966820     0.998090     0.318467     0.862347
   0.925458     0.995392     0.615836     0.725905
   0.932425     0.995478     0.655155     0.760877
   0.932526     0.995259     0.657197     0.776563
   0.930595     0.994487     0.661082     0.787558
   0.930788     0.993949     0.854213     0.803667
   0.937277     0.994079     0.928176     0.833933
   0.940290     0.993981     0.934106     0.850277
   0.956649     0.995352     0.953909     0.896667
   0.957365     0.995206     0.972152     0.903115
   0.973995     0.996920     0.983591     0.942988
   0.978300     0.997304     0.990822     0.953874
   0.983439     0.997870     0.995060     0.966065
   0.985515     0.998072     0.995928     0.971034
   0.988014     0.998350     0.997517     0.976640
   0.990157     0.998603     0.998065     0.981249
   0.991468     0.998752     0.998740     0.984003
   0.992832     0.998922     0.998996     0.986809
   0.994190     0.999103     0.999371     0.989477
   0.994687     0.999161     0.999456     0.990515
   0.996650     0.999420     0.999806     0.994229
   0.997627     0.999559     0.999921     0.995998
   0.998270     0.999658     0.999964     0.997097
   0.998621     0.999712     0.999980     0.997677
   0.998861     0.999751     0.999987     0.998069
   0.999206     0.999810     0.999990     0.998613
   0.999351     0.999835     0.999989     0.998830
   0.999442     0.999852     0.999986     0.998973
   0.999480     0.999859     0.999984     0.999029
   0.999500     0.999862     0.999981     0.999059
   0.999523     0.999867     0.999979     0.999097
   0.999999     0.999997     0.000000     0.078079
   0.999998     0.999997     0.000000     0.133600
   0.999998     0.999996     0.000000     0.382368
   0.999997     0.999995     0.000000     0.754536
   0.999995     0.999995     0.000000     0.920170
   0.999995     0.999995     0.000000     0.978575
   0.985473     0.999585     0.414181     0.851060
   0.985550     0.999505     0.414199     0.889252
   0.985282     0.999420     0.417694     0.897081
   0.985103     0.999352     0.424657     0.901049
   0.984691     0.999273     0.412428     0.908334
   0.974092     0.998656     0.755439     0.849091
   0.973545     0.998536     0.750371     0.859324
   0.975778     0.998565     0.778284     0.870977
   0.976315     0.998387     0.788788     0.884520
   0.977706     0.998309     0.914928     0.899370
   0.983737     0.998657     0.965958     0.931776
   0.984530     0.998626     0.968916     0.938326
   0.987164     0.998782     0.975084     0.951509
   0.990202     0.999012     0.988239     0.964484
   0.991546     0.999100     0.990322     0.970363
   0.992374     0.999147     0.994114     0.974153
   0.993992     0.999298     0.996753     0.980266
   0.994828     0.999370     0.997290     0.983520
   0.995506     0.999433     0.998299     0.986009
   0.995964     0.999474     0.998545     0.987712
   0.996421     0.999516     0.999029     0.989247
   0.996914     0.999570     0.999192     0.990911
   0.997189     0.999599     0.999432     0.991872
   0.997602     0.999647     0.999535     0.993154
   0.998285     0.999722     0.999814     0.995271
   0.998732     0.999777     0.999918     0.996559
   0.999007     0.999814     0.999958     0.997327
   0.999176     0.999837     0.999976     0.997782
   0.999318     0.999858     0.999984     0.998148
   0.999493     0.999884     0.999989     0.998580
   0.999579     0.999897     0.999987     0.998785
   0.999627     0.999905     0.999985     0.998896
   0.999651     0.999909     0.999982     0.998949
   0.999665     0.999911     0.999979     0.998986
   0.999673     0.999912     0.999976     0.999001
   0.999998     0.999998     0.000000     0.057894
   0.999996     0.999998     0.000000     0.130757
   0.999996     0.999997     0.000000     0.259224
   0.999995     0.999997     0.000000     0.661790
   0.999994     0.999996     0.000000     0.883839
   0.999992     0.999996     0.000000     0.967413
   0.985463     0.999791     0.388268     0.879018
   0.984386     0.999748     0.357898     0.895151
   0.985383     0.999718     0.403352     0.910667
   0.986654     0.999710     0.454225     0.930080
   0.987196     0.999694     0.484613     0.935962
   0.977651     0.999424     0.780328     0.893905
   0.978544     0.999400     0.792155     0.900152
   0.980111     0.999409     0.808260     0.912915
   0.983572     0.999433     0.847215     0.932695
   0.983721     0.999371     0.935091     0.936977
   0.987485     0.999467     0.972891     0.954312
   0.988912     0.999487     0.976885     0.961256
   0.991318     0.999566     0.982287     0.971239
   0.992241     0.999585     0.990273     0.975135
   0.993119     0.999612     0.991733     0.978736
   0.994010     0.999644     0.995151     0.982221
   0.994666     0.999669     0.996948     0.984658
   0.995293     0.999693     0.997413     0.986746
   0.995830     0.999718     0.998319     0.988592
   0.996409     0.999748     0.998610     0.990341
   0.996650     0.999755     0.999024     0.991106
   0.996992     0.999774     0.999154     0.992182
   0.997272     0.999788     0.999407     0.992997
   0.997524     0.999801     0.999487     0.993709
   0.998177     0.999839     0.999779     0.995554
   0.998600     0.999865     0.999896     0.996640
   0.998856     0.999882     0.999944     0.997272
   0.999052     0.999896     0.999968     0.997735
   0.999183     0.999906     0.999979     0.998033
   0.999378     0.999920     0.999986     0.998448
   0.999477     0.999929     0.999986     0.998659
   0.999524     0.999933     0.999983     0.998751
   0.999549     0.999934     0.999980     0.998798
   0.999568     0.999936     0.999977     0.998835
   0.999578     0.999937     0.999974     0.998860
   0.999998     0.999998     0.000000     0.004638
   0.999997     0.999998     0.000000     0.062174
   0.999996     0.999998     0.000000     0.338074
   0.999994     0.999997     0.000000     0.579074
   0.999991     0.999997     0.000000     0.852063
   0.999990     0.999997     0.000000     0.955620
   0.985422     0.999893     0.361576     0.904520
   0.983498     0.999864     0.297564     0.911783
   0.986008     0.999860     0.404042     0.931749
   0.985388     0.999831     0.398078     0.925876
   0.988097     0.999845     0.512305     0.946146
   0.979598     0.999725     0.791506     0.918230
   0.982100     0.999737     0.819221     0.930602
   0.981828     0.999716     0.816806     0.934606
   0.986119     0.999747     0.865973     0.950776
   0.985778     0.999706     0.941159     0.952567
   0.987808     0.999721     0.972375     0.962128
   0.989791     0.999746     0.977825     0.969276
   0.991228     0.999762     0.981408     0.974733
   0.992357     0.999778     0.990018     0.978642
   0.992916     0.999782     0.991124     0.980981
   0.993817     0.999798     0.994741     0.983943
   0.994672     0.999817     0.996802     0.986494
   0.995287     0.999831     0.997281     0.988351
   0.995558     0.999833     0.998106     0.989254
   0.995887     0.999838     0.998317     0.990220
   0.996369     0.999852     0.998874     0.991519
   0.996702     0.999861     0.999002     0.992436
   0.996976     0.999868     0.999290     0.993141
   0.997222     0.999875     0.999372     0.993793
   0.997934     0.999896     0.999727     0.995499
   0.998335     0.999909     0.999861     0.996470
   0.998629     0.999919     0.999924     0.997086
   0.998835     0.999927     0.999954     0.997526
   0.998981     0.999932     0.999970     0.997811
   0.999195     0.999941     0.999983     0.998223
   0.999315     0.999947     0.999984     0.998444
   0.999368     0.999948     0.999982     0.998527
   0.999407     0.999951     0.999978     0.998603
   0.999419     0.999951     0.999975     0.998615
   0.999434     0.999952     0.999972     0.998641
   0.999998     0.999998     0.000000     0.016157
   0.999997     0.999998     0.000000     0.038776
   0.999997     0.999998     0.000000     0.170423
   0.999993     0.999998     0.000000     0.419375
   0.999992     0.999997     0.000000     0.789039
   0.999991     0.999997     0.000000     0.935229
   0.990339     0.999943     0.329457     0.913763
   0.990608     0.999931     0.358707     0.927982
   0.991913     0.999930     0.442408     0.948563
   0.991344     0.999921     0.413619     0.952030
   0.990953     0.999904     0.411524     0.944419
   0.987294     0.999854     0.790365     0.934402
   0.983973     0.999805     0.738675     0.921134
   0.987129     0.999828     0.792359     0.938230
   0.989139     0.999830     0.829728     0.950419
   0.990427     0.999832     0.935124     0.958770
   0.992049     0.999843     0.970790     0.966561
   0.992836     0.999842     0.974403     0.970774
   0.993526     0.999847     0.977895     0.974322
   0.994350     0.999856     0.987996     0.978691
   0.994981     0.999864     0.989620     0.981681
   0.995388     0.999867     0.993624     0.983607
   0.995940     0.999876     0.996018     0.985909
   0.996477     0.999887     0.996629     0.988092
   0.996748     0.999890     0.997696     0.989244
   0.997014     0.999895     0.997953     0.990292
   0.997308     0.999902     0.998578     0.991434
   0.997546     0.999907     0.998752     0.992294
   0.997719     0.999910     0.999088     0.992893
   0.997793     0.999911     0.999161     0.993236
   0.998343     0.999924     0.999620     0.995057
   0.998645     0.999932     0.999803     0.996027
   0.998879     0.999940     0.999890     0.996729
   0.999024     0.999944     0.999933     0.997134
   0.999125     0.999947     0.999956     0.997406
   0.999312     0.999954     0.999977     0.997900
   0.999407     0.999958     0.999981     0.998139
   0.999453     0.999959     0.999979     0.998239
   0.999480     0.999960     0.999976     0.998300
   0.999503     0.999961     0.999973     0.998362
   0.999502     0.999961     0.999969     0.998357
   0.999997     0.999999     0.000000     0.115258
   0.999997     0.999998     0.000000     0.143207
   0.999997     0.999998     0.000000     0.080116
   0.999996     0.999998     0.000000     0.451754
   0.999991     0.999997     0.000000     0.702584
   0.999990     0.999997     0.000000     0.914955
   0.989733     0.999966     0.268846     0.912343
   0.990017     0.999961     0.294907     0.936378
   0.990403     0.999956     0.323948     0.951729
   0.991637     0.999956     0.425068     0.955906
   0.990713     0.999944     0.365641     0.956358
   0.983368     0.999893     0.716462     0.930354
   0.985633     0.999900     0.757738     0.939843
   0.986423     0.999899     0.777321     0.942485
   0.988196     0.999894     0.808527     0.954755
   0.990177     0.999903     0.931749     0.963255
   0.990222     0.999888     0.962943     0.964217
   0.991154     0.999889     0.967637     0.968682
   0.992516     0.999898     0.973125     0.974869
   0.992720     0.999892     0.983868     0.976036
   0.994119     0.999906     0.987458     0.981028
   0.994589     0.999908     0.992197     0.983087
   0.995155     0.999913     0.995038     0.985087
   0.995587     0.999917     0.995580     0.986840
   0.995936     0.999920     0.996996     0.988077
   0.996221     0.999922     0.997289     0.989206
   0.996533     0.999926     0.998094     0.990233
   0.996830     0.999929     0.998306     0.991188
   0.997082     0.999933     0.998766     0.992044
   0.997258     0.999934     0.998886     0.992582
   0.997877     0.999943     0.999470     0.994401
   0.998252     0.999948     0.999723     0.995438
   0.998511     0.999952     0.999840     0.996127
   0.998708     0.999955     0.999902     0.996617
   0.998829     0.999958     0.999935     0.996935
   0.999050     0.999962     0.999968     0.997433
   0.999165     0.999964     0.999976     0.997676
   0.999234     0.999966     0.999976     0.997819
   0.999277     0.999967     0.999973     0.997912
   0.999295     0.999967     0.999970     0.997943
   0.999302     0.999967     0.999966     0.997964
   0.999998     0.999999     0.000000     0.030687
   0.999998     0.999999     0.000000     0.031263
   0.999997     0.999998     0.000000     0.170026
   0.999994     0.999998     0.000000     0.231296
   0.999993     0.999998     0.000000     0.634523
   0.999991     0.999998     0.000000     0.890274
   0.993185     0.999980     0.287237     0.919899
   0.992456     0.999975     0.222074     0.932700
   0.992281     0.999972     0.177252     0.955865
   0.993241     0.999969     0.291557     0.960525
   0.992937     0.999967     0.283807     0.959937
   0.988370     0.999939     0.709965     0.938812
   0.988648     0.999934     0.721433     0.939885
   0.987278     0.999921     0.689421     0.937564
   0.990735     0.999931     0.779237     0.955586
   0.990035     0.999916     0.897577     0.954015
   0.991441     0.999918     0.951948     0.961342
   0.992995     0.999925     0.961523     0.969528
   0.993894     0.999930     0.967264     0.974678
   0.994092     0.999927     0.980468     0.975804
   0.994837     0.999931     0.983327     0.979413
   0.995212     0.999930     0.989650     0.981052
   0.995902     0.999937     0.993715     0.984124
   0.996200     0.999939     0.994291     0.985665
   0.996337     0.999938     0.995889     0.986408
   0.996648     0.999941     0.996368     0.987893
   0.997106     0.999946     0.997585     0.989513
   0.997149     0.999945     0.997692     0.989988
   0.997417     0.999948     0.998369     0.990891
   0.997538     0.999949     0.998471     0.991482
   0.998073     0.999955     0.999266     0.993459
   0.998365     0.999958     0.999598     0.994556
   0.998600     0.999961     0.999763     0.995346
   0.998777     0.999963     0.999854     0.995952
   0.998894     0.999965     0.999903     0.996270
   0.999084     0.999968     0.999955     0.996849
   0.999182     0.999970     0.999969     0.997110
   0.999242     0.999971     0.999971     0.997265
   0.999289     0.999972     0.999969     0.997393
   0.999301     0.999972     0.999966     0.997422
   0.999314     0.999972     0.999962     0.997457
   0.999998     0.999999     0.000000     0.005343
   0.999998     0.999999     0.000000     0.040762
   0.999998     0.999999     0.000000     0.053625
   0.999996     0.999999     0.000000     0.244592
   0.999989     0.999998     0.000000     0.499059
   0.999992     0.999998     0.000000     0.847201
   0.994587     0.999988     0.217709     0.903698
   0.994002     0.999982     0.107497     0.942321
   0.994922     0.999984     0.250854     0.958236
   0.995490     0.999983     0.351984     0.964962
   0.995200     0.999978     0.339137     0.955290
   0.988689     0.999953     0.606378     0.932305
   0.991368     0.999960     0.703147     0.946887
   0.990433     0.999951     0.677461     0.941403
   0.991034     0.999946     0.702326     0.950782
   0.991626     0.999941     0.879506     0.954859
   0.992098     0.999940     0.937045     0.960894
   0.992805     0.999938     0.945342     0.962442
   0.994119     0.999944     0.956390     0.970269
   0.994289     0.999941     0.973812     0.971549
   0.995066     0.999945     0.977742     0.976309
   0.995698     0.999949     0.986930     0.979544
   0.996100     0.999951     0.991495     0.981964
   0.996306     0.999950     0.992144     0.983150
   0.996537     0.999951     0.994491     0.984551
   0.996840     0.999953     0.995117     0.986179
   0.997065     0.999955     0.996499     0.987355
   0.997207     0.999955     0.996794     0.988037
   0.997481     0.999958     0.997715     0.989399
   0.997573     0.999958     0.997856     0.989755
   0.998051     0.999962     0.998919     0.992046
   0.998379     0.999965     0.999414     0.993435
   0.998606     0.999967     0.999655     0.994383
   0.998762     0.999969     0.999782     0.994984
   0.998862     0.999970     0.999854     0.995364
   0.999046     0.999972     0.999934     0.995986
   0.999158     0.999974     0.999958     0.996375
   0.999210     0.999974     0.999964     0.996533
   0.999257     0.999975     0.999964     0.996715
   0.999283     0.999976     0.999961     0.996785
   0.999281     0.999976     0.999957     0.996800
   0.999998     0.999999     0.000000     0.018912
   0.999997     0.999999     0.000000     0.051998
   0.999997     0.999999     0.000000     0.056529
   0.999995     0.999999     0.000000     0.249658
   0.999992     0.999998     0.000000     0.547513
   0.999989     0.999998     0.000000     0.795788
   0.994115     0.999991     0.126499     0.887939
   0.994677     0.999990     0.212258     0.929337
   0.994744     0.999988     0.217015     0.951606
   0.994495     0.999987     0.170839     0.960282
   0.994670     0.999986     0.237902     0.959338
   0.988033     0.999970     0.577127     0.938943
   0.987780     0.999966     0.568240     0.942286
   0.990149     0.999970     0.654406     0.951886
   0.990975     0.999967     0.692269     0.955516
   0.989665     0.999957     0.846061     0.953914
   0.990574     0.999956     0.924031     0.956865
   0.991169     0.999955     0.930502     0.961376
   0.992237     0.999956     0.941340     0.966335
   0.992342     0.999953     0.963664     0.967461
   0.993695     0.999957     0.970899     0.972902
   0.994001     0.999957     0.981088     0.975298
   0.994540     0.999957     0.987732     0.977241
   0.995268     0.999961     0.989653     0.980860
   0.995502     0.999962     0.992661     0.982265
   0.995702     0.999961     0.993087     0.983236
   0.995992     0.999962     0.995045     0.984584
   0.996356     0.999964     0.995655     0.985966
   0.996426     0.999963     0.996592     0.986622
   0.996789     0.999966     0.997013     0.987997
   0.997373     0.999968     0.998495     0.990344
   0.997800     0.999970     0.999159     0.992049
   0.998018     0.999971     0.999479     0.992854
   0.998266     0.999973     0.999674     0.993735
   0.998384     0.999973     0.999779     0.994103
   0.998674     0.999976     0.999901     0.995073
   0.998788     0.999976     0.999941     0.995391
   0.998882     0.999977     0.999954     0.995635
   0.998947     0.999978     0.999957     0.995837
   0.998955     0.999978     0.999954     0.995799
   0.998948     0.999978     0.999950     0.995794
   0.999998     0.999999     0.000000     0.008274
   0.999998     0.999999     0.000000     0.043114
   0.999998     0.999999     0.000000     0.176636
   0.999996     0.999999     0.000000     0.103390
   0.999992     0.999998     0.000000     0.368778
   0.999990     0.999998     0.000000     0.749684
   0.995349     0.999993     0.086586     0.874867
   0.995518     0.999993     0.117109     0.905729
   0.995658     0.999993     0.149925     0.940774
   0.995157     0.999991     0.075184     0.944485
   0.995405     0.999991     0.136065     0.956808
   0.989328     0.999979     0.490586     0.946956
   0.988682     0.999975     0.466954     0.938770
   0.988865     0.999972     0.486594     0.935699
   0.991124     0.999973     0.596377     0.950307
   0.989286     0.999965     0.789847     0.945454
   0.990712     0.999965     0.899935     0.951873
   0.990420     0.999959     0.899431     0.951628
   0.991959     0.999964     0.918776     0.959482
   0.992971     0.999964     0.955508     0.964364
   0.993704     0.999966     0.961037     0.969172
   0.993995     0.999965     0.974765     0.970970
   0.994580     0.999966     0.983672     0.974609
   0.994906     0.999966     0.985007     0.976035
   0.995328     0.999967     0.989653     0.978187
   0.995646     0.999968     0.990634     0.980076
   0.995629     0.999967     0.992754     0.980382
   0.996123     0.999969     0.993701     0.982776
   0.996539     0.999970     0.995541     0.984548
   0.996566     0.999970     0.995712     0.984830
   0.997203     0.999972     0.997801     0.987962
   0.997629     0.999974     0.998743     0.990068
   0.997897     0.999975     0.999237     0.991133
   0.998139     0.999976     0.999510     0.992170
   0.998265     0.999977     0.999666     0.992645
   0.998553     0.999978     0.999855     0.993722
   0.998678     0.999979     0.999916     0.994133
   0.998761     0.999980     0.999939     0.994363
   0.998806     0.999980     0.999946     0.994481
   0.998816     0.999980     0.999946     0.994513
   0.998832     0.999980     0.999942     0.994592
   0.999997     0.999999     0.000000     0.000000
   0.999997     0.999999     0.000000     0.057360
   0.999997     0.999999     0.000000     0.053548
   0.999995     0.999999     0.000000     0.097826
   0.999992     0.999999     0.000000     0.360780
   0.999984     0.999998     0.000000     0.601255
   0.995587     0.999996     0.105849     0.835826
   0.995494     0.999995     0.094983     0.899207
   0.996127     0.999995     0.212707     0.929731
   0.995766     0.999995     0.154841     0.947260
   0.995805     0.999994     0.183138     0.954631
   0.987190     0.999984     0.386997     0.938355
   0.986813     0.999982     0.369112     0.941155
   0.989157     0.999982     0.490473     0.941518
   0.987637     0.999977     0.437563     0.942401
   0.988122     0.999974     0.766090     0.940802
   0.988566     0.999973     0.875020     0.946372
   0.988995     0.999969     0.883309     0.947894
   0.990745     0.999973     0.904399     0.957246
   0.990960     0.999972     0.940752     0.960594
   0.990152     0.999967     0.937401     0.958192
   0.991773     0.999970     0.964676     0.964892
   0.992351     0.999970     0.976579     0.966842
   0.993461     0.999972     0.980263     0.971691
   0.993244     0.999970     0.984628     0.972005
   0.993833     0.999971     0.986368     0.974716
   0.994269     0.999972     0.990257     0.976605
   0.994646     0.999973     0.991089     0.978360
   0.995055     0.999974     0.993418     0.980341
   0.995243     0.999974     0.993810     0.981307
   0.996101     0.999975     0.996774     0.984930
   0.996502     0.999976     0.998066     0.986744
   0.996944     0.999977     0.998818     0.988439
   0.997310     0.999978     0.999251     0.989814
   0.997497     0.999979     0.999485     0.990450
   0.997894     0.999980     0.999775     0.991799
   0.998130     0.999981     0.999879     0.992359
   0.998239     0.999981     0.999916     0.992716
   0.998285     0.999982     0.999930     0.992996
   0.998343     0.999982     0.999934     0.993137
   0.998350     0.999982     0.999931     0.993037
   0.999997     0.999999     0.000000     0.003185
   0.999997     0.999999     0.000000     0.004586
   0.999997     0.999999     0.000000     0.046262
   0.999996     0.999999     0.000000     0.162606
   0.999995     0.999999     0.000000     0.324613
   0.999989     0.999999     0.000000     0.637444
   0.996558     0.999997     0.112285     0.798324
   0.996255     0.999996     0.070711     0.859634
   0.996587     0.999996     0.116993     0.909452
   0.996536     0.999996     0.095500     0.932216
   0.996578     0.999995     0.120660     0.951218
   0.987341     0.999986     0.227634     0.926557
   0.987866     0.999986     0.269142     0.929090
   0.990167     0.999987     0.404853     0.940457
   0.990415     0.999987     0.431215     0.949069
   0.985353     0.999976     0.627105     0.923997
   0.987083     0.999975     0.818459     0.933691
   0.988493     0.999975     0.843159     0.940190
   0.988393     0.999974     0.845391     0.941184
   0.989654     0.999975     0.914213     0.948400
   0.990751     0.999975     0.924508     0.954210
   0.991678     0.999975     0.953840     0.957793
   0.991746     0.999974     0.966929     0.960417
   0.992078     0.999974     0.968767     0.962528
   0.993090     0.999975     0.979858     0.966810
   0.993531     0.999976     0.981517     0.969482
   0.993792     0.999976     0.986206     0.971345
   0.993959     0.999975     0.986888     0.972106
   0.994599     0.999977     0.990681     0.975503
   0.994596     0.999976     0.990888     0.975619
   0.995914     0.999979     0.995601     0.981573
   0.996191     0.999979     0.997263     0.983330
   0.996624     0.999980     0.998267     0.985387
   0.996864     0.999980     0.998847     0.986319
   0.997200     0.999981     0.999237     0.987707
   0.997576     0.999982     0.999649     0.989255
   0.997832     0.999982     0.999814     0.990062
   0.997989     0.999983     0.999879     0.990626
   0.997984     0.999983     0.999906     0.990518
   0.998021     0.999983     0.999916     0.990518
   0.998017     0.999983     0.999917     0.990545
   0.999997     0.999999     0.000000     0.000692
   0.999997     0.999999     0.000000     0.070520
   0.999997     0.999999     0.000000     0.058582
   0.999994     0.999999     0.000000     0.032781
   0.999990     0.999999     0.000000     0.192908
   0.999988     0.999999     0.000000     0.635245
   0.996472     0.999997     0.106292     0.723981
   0.996298     0.999997     0.058897     0.814260
   0.996198     0.999997     0.011978     0.881776
   0.996337     0.999997     0.072662     0.913844
   0.996450     0.999996     0.111833     0.923634
   0.987996     0.999992     0.249592     0.927345
   0.987770     0.999991     0.237906     0.933142
   0.989304     0.999992     0.332604     0.947394
   0.989309     0.999989     0.361064     0.946297
   0.985946     0.999985     0.635734     0.934796
   0.983047     0.999979     0.761857     0.917287
   0.987128     0.999982     0.822301     0.936492
   0.985605     0.999978     0.804539     0.934290
   0.984664     0.999975     0.871442     0.927353
   0.987935     0.999979     0.899006     0.947599
   0.988220     0.999978     0.932919     0.947779
   0.988849     0.999977     0.954397     0.950637
   0.989725     0.999978     0.958556     0.956127
   0.991080     0.999980     0.973094     0.961220
   0.990691     0.999978     0.972487     0.959947
   0.991205     0.999978     0.980035     0.963266
   0.991717     0.999978     0.981419     0.965245
   0.992097     0.999978     0.985813     0.967707
   0.992757     0.999979     0.987410     0.970178
   0.993862     0.999980     0.993115     0.975582
   0.994569     0.999981     0.995915     0.978387
   0.995204     0.999981     0.997474     0.980771
   0.995652     0.999982     0.998312     0.982840
   0.996087     0.999983     0.998872     0.984270
   0.996588     0.999984     0.999482     0.986169
   0.996779     0.999983     0.999715     0.986652
   0.996998     0.999984     0.999824     0.987258
   0.997060     0.999984     0.999869     0.987719
   0.997215     0.999984     0.999890     0.987919
   0.997234     0.999984     0.999895     0.987969
   0.999997     0.999999     0.000000     0.012638
   0.999997     0.999999     0.000000     0.012630
   0.999997     0.999999     0.000000     0.032263
   0.999997     0.999999     0.000000     0.065949
   0.999994     0.999999     0.000000     0.249939
   0.999990     0.999999     0.000000     0.572812
   0.996883     0.999998     0.020968     0.704950
   0.997116     0.999998     0.059956     0.813513
   0.996922     0.999997     0.020530     0.856781
   0.996847     0.999997     0.029686     0.885289
   0.997079     0.999997     0.105889     0.907309
   0.990560     0.999994     0.255763     0.923237
   0.990215     0.999994     0.251184     0.927465
   0.990186     0.999994     0.246436     0.933266
   0.990257     0.999992     0.265254     0.942791
   0.985921     0.999988     0.546010     0.924884
   0.982071     0.999983     0.685346     0.908788
   0.981959     0.999981     0.688393     0.906514
   0.987297     0.999985     0.784098     0.933296
   0.984489     0.999981     0.834048     0.924302
   0.988011     0.999982     0.875588     0.936230
   0.987056     0.999980     0.908310     0.935649
   0.987198     0.999980     0.934493     0.937523
   0.988483     0.999981     0.942191     0.944748
   0.989343     0.999981     0.959357     0.949932
   0.991037     0.999983     0.966720     0.956808
   0.990227     0.999980     0.971962     0.953409
   0.990912     0.999981     0.974444     0.956888
   0.990939     0.999981     0.979551     0.959559
   0.991816     0.999981     0.982024     0.961845
   0.992974     0.999982     0.990067     0.967835
   0.993956     0.999983     0.994152     0.973007
   0.994397     0.999983     0.996171     0.975126
   0.995029     0.999983     0.997562     0.977256
   0.995537     0.999984     0.998339     0.979739
   0.995898     0.999984     0.999189     0.981813
   0.996237     0.999985     0.999567     0.982551
   0.996482     0.999985     0.999737     0.983478
   0.996563     0.999985     0.999812     0.983733
   0.996648     0.999985     0.999849     0.983972
   0.996766     0.999986     0.999864     0.984287
   0.999997     0.999999     0.000000     0.012974
   0.999997     0.999999     0.000000     0.018473
   0.999997     0.999999     0.000000     0.028003
   0.999996     0.999999     0.000000     0.041099
   0.999994     0.999999     0.000000     0.101781
   0.999988     0.999999     0.000000     0.462341
   0.996931     0.999998     0.050403     0.571235
   0.997017     0.999998     0.036572     0.724998
   0.996976     0.999998     0.042672     0.840790
   0.997013     0.999998     0.058505     0.872379
   0.996808     0.999998     0.018928     0.895142
   0.990393     0.999995     0.261890     0.901112
   0.989541     0.999996     0.178781     0.927538
   0.989550     0.999995     0.197078     0.920763
   0.989426     0.999994     0.202698     0.932385
   0.982675     0.999990     0.431089     0.919278
   0.976808     0.999985     0.586092     0.885601
   0.983103     0.999988     0.702684     0.919894
   0.980602     0.999985     0.667466     0.906492
   0.980296     0.999984     0.788180     0.906339
   0.981960     0.999983     0.809435     0.915017
   0.982796     0.999983     0.876484     0.919724
   0.984531     0.999984     0.919237     0.932853
   0.984441     0.999983     0.919957     0.931939
   0.984972     0.999983     0.942525     0.934590
   0.986030     0.999983     0.947200     0.938849
   0.986591     0.999983     0.960892     0.940918
   0.987617     0.999984     0.963915     0.949196
   0.988074     0.999983     0.972898     0.948539
   0.987379     0.999982     0.971719     0.946148
   0.989834     0.999983     0.985167     0.957812
   0.991938     0.999985     0.991885     0.967408
   0.991950     0.999984     0.994256     0.967739
   0.992758     0.999985     0.996240     0.970360
   0.993426     0.999985     0.997407     0.973281
   0.994278     0.999986     0.998794     0.976236
   0.994564     0.999986     0.999345     0.977211
   0.994812     0.999986     0.999600     0.977611
   0.994778     0.999985     0.999729     0.977298
   0.994865     0.999986     0.999790     0.977828
   0.995050     0.999986     0.999822     0.978023
   0.999997     0.999999     0.000000     0.018228
   0.999996     0.999999     0.000000     0.006145
   0.999996     0.999999     0.000000     0.000280
   0.999994     0.999999     0.000000     0.002924
   0.999995     0.999999     0.000000     0.041033
   0.999986     0.999999     0.000000     0.202646
   0.997856     0.999999     0.009052     0.400336
   0.997859     0.999999     0.003788     0.394007
   0.997770     0.999999     0.004060     0.567081
   0.997691     0.999999     0.025073     0.677591
   0.997887     0.999998     0.005879     0.723561
   0.992131     0.999998     0.091567     0.793139
   0.991731     0.999998     0.061018     0.809696
   0.991819     0.999998     0.082588     0.832218
   0.991361     0.999998     0.048130     0.873606
   0.983321     0.999997     0.190379     0.883428
   0.973581     0.999995     0.290124     0.854591
   0.975328     0.999995     0.343301     0.880072
   0.976063     0.999995     0.384604     0.872979
   0.971503     0.999994     0.534452     0.862918
   0.973432     0.999993     0.572048     0.879208
   0.967917     0.999992     0.646433     0.851516
   0.960547     0.999990     0.691545     0.815165
   0.964160     0.999989     0.724971     0.825896
   0.967485     0.999990     0.807614     0.858071
   0.966854     0.999989     0.809777     0.845605
   0.969947     0.999990     0.864288     0.866306
   0.972324     0.999990     0.878253     0.871441
   0.969283     0.999989     0.890631     0.867192
   0.971296     0.999989     0.900017     0.870882
   0.970127     0.999987     0.932030     0.867636
   0.977017     0.999989     0.963441     0.904602
   0.977954     0.999989     0.974424     0.909706
   0.976774     0.999987     0.980263     0.902651
   0.978776     0.999987     0.986534     0.907353
   0.981703     0.999988     0.993639     0.919504
   0.983603     0.999989     0.996481     0.929213
   0.984298     0.999989     0.997898     0.930967
   0.984374     0.999989     0.998543     0.932434
   0.985336     0.999989     0.999048     0.933451
   0.985271     0.999989     0.999260     0.933335
   0.999996     0.999999     0.000000     0.000000
   0.999996     0.999999     0.000000     0.000144
   0.999996     0.999999     0.000000     0.000000
   0.999995     0.999999     0.000000     0.009874
   0.999993     0.999999     0.000000     0.004683
   0.999987     0.999999     0.000000     0.083837
   0.998434     0.999999     0.017817     0.071482
   0.998414     0.999999     0.021666     0.214156
   0.998352     0.999999     0.006940     0.278473
   0.998388     0.999999     0.027505     0.431926
   0.998432     0.999999     0.018727     0.399443
   0.993763     0.999999     0.012967     0.584852
   0.993826     0.999999     0.013283     0.568653
   0.993529     0.999998     0.030488     0.608178
   0.993709     0.999998     0.071029     0.672727
   0.985911     0.999998     0.063869     0.732673
   0.977255     0.999998     0.146637     0.774956
   0.978576     0.999998     0.220452     0.789518
   0.975843     0.999998     0.128430     0.810341
   0.966532     0.999997     0.222172     0.794560
   0.970075     0.999997     0.330770     0.793705
   0.959278     0.999996     0.381352     0.751243
   0.950636     0.999996     0.452524     0.741493
   0.953780     0.999995     0.492903     0.753980
   0.950530     0.999996     0.578528     0.782756
   0.950367     0.999995     0.588445     0.755425
   0.934569     0.999995     0.575317     0.718548
   0.940420     0.999994     0.619113     0.739568
   0.946002     0.999994     0.730462     0.709898
   0.936084     0.999994     0.678509     0.711333
   0.939930     0.999994     0.795015     0.758304
   0.939248     0.999992     0.857113     0.742708
   0.950210     0.999993     0.915542     0.772376
   0.946165     0.999992     0.930597     0.769935
   0.944426     0.999992     0.946443     0.745420
   0.947077     0.999992     0.970007     0.778945
   0.947801     0.999992     0.981277     0.786022
   0.950176     0.999991     0.989220     0.773662
   0.947257     0.999991     0.992359     0.757921
   0.951155     0.999991     0.995009     0.772242
   0.947793     0.999991     0.996047     0.763088
   0.999995     0.999999     0.000000     0.000073
   0.999996     0.999999     0.000000     0.000000
   0.999995     0.999999     0.000000     0.000072
   0.999995     0.999999     0.000000     0.013777
   0.999994     0.999999     0.000000     0.010251
   0.999983     0.999999     0.000000     0.002860
   0.998826     0.999999     0.012917     0.026925
   0.998747     0.999999     0.012476     0.072334
   0.998809     0.999999     0.017961     0.162964
   0.998797     0.999999     0.014610     0.192017
   0.998769     0.999999     0.025494     0.120956
   0.995160     0.999999     0.011184     0.332445
   0.995233     0.999999     0.015433     0.417485
   0.995248     0.999999     0.035431     0.357609
   0.995163     0.999999     0.020824     0.483889
   0.989311     0.999999     0.029132     0.593239
   0.981597     0.999999     0.069457     0.597217
   0.981859     0.999999     0.104523     0.640812
   0.981048     0.999999     0.070215     0.674734
   0.971368     0.999998     0.128320     0.661487
   0.972190     0.999998     0.173231     0.652873
   0.962938     0.999998     0.246535     0.657143
   0.954638     0.999998     0.307983     0.695559
   0.953319     0.999998     0.301380     0.648843
   0.938250     0.999998     0.285163     0.662421
   0.943094     0.999998     0.353710     0.679117
   0.932342     0.999998     0.414077     0.592816
   0.936904     0.999998     0.448568     0.645129
   0.931551     0.999997     0.525945     0.616325
   0.925693     0.999998     0.468082     0.679608
   0.922163     0.999997     0.634325     0.635089
   0.907914     0.999997     0.692414     0.612133
   0.900332     0.999996     0.756589     0.556770
   0.899353     0.999996     0.813303     0.563018
   0.901620     0.999996     0.856169     0.585947
   0.904903     0.999996     0.917691     0.589102
   0.900970     0.999996     0.945725     0.578818
   0.887683     0.999996     0.956115     0.578378
   0.893242     0.999996     0.971152     0.572597
   0.895180     0.999995     0.978470     0.584448
   0.894641     0.999995     0.983676     0.582910
   0.999995     0.999999     0.000000     0.000034
   0.999995     0.999999     0.000000     0.000034
   0.999995     0.999999     0.000000     0.000033
   0.999994     0.999999     0.000000     0.000303
   0.999994     0.999999     0.000000     0.013576
   0.999990     0.999999     0.000000     0.010176
   0.998998     0.999999     0.007180     0.047769
   0.999050     0.999999     0.013712     0.039937
   0.999034     0.999999     0.005149     0.095178
   0.998963     0.999999     0.001363     0.085432
   0.999021     0.999999     0.007233     0.080773
   0.996121     0.999999     0.005970     0.041277
   0.996193     0.999999     0.022373     0.146327
   0.996041     0.999999     0.006290     0.138194
   0.996279     0.999999     0.020367     0.202885
   0.991635     0.999999     0.014300     0.318421
   0.985317     0.999999     0.016655     0.302815
   0.985103     0.999999     0.050516     0.367072
   0.984996     0.999999     0.065648     0.351623
   0.977919     0.999999     0.132909     0.441011
   0.976652     0.999999     0.063867     0.578873
   0.969142     0.999999     0.160289     0.508003
   0.957723     0.999999     0.138593     0.517869
   0.960156     0.999999     0.212872     0.489450
   0.947929     0.999999     0.199697     0.510797
   0.948405     0.999999     0.213626     0.572811
   0.942036     0.999999     0.338410     0.428788
   0.938918     0.999999     0.274748     0.545189
   0.929144     0.999999     0.323241     0.551870
   0.934165     0.999999     0.395757     0.514768
   0.907783     0.999999     0.400240     0.552527
   0.893011     0.999998     0.507745     0.510619
   0.890865     0.999998     0.634865     0.442551
   0.862459     0.999998     0.639771     0.382406
   0.867538     0.999998     0.731970     0.361271
   0.853525     0.999998     0.823386     0.329729
   0.841497     0.999998     0.873327     0.282033
   0.829242     0.999998     0.901995     0.276804
   0.838428     0.999998     0.933846     0.256782
   0.821663     0.999998     0.941806     0.257686
   0.801334     0.999998     0.947021     0.276481
   0.999994     0.999999     0.000000     0.000016
   0.999994     0.999999     0.000000     0.000000
   0.999994     0.999999     0.000000     0.000000
   0.999994     0.999999     0.000000     0.000015
   0.999994     0.999999     0.000000     0.000061
   0.999990     0.999999     0.000000     0.013058
   0.999238     0.999999     0.024511     0.011514
   0.999193     0.999999     0.001181     0.008857
   0.999194     0.999999     0.001801     0.007830
   0.999199     0.999999     0.010415     0.045430
   0.999144     0.999999     0.002334     0.041314
   0.996820     0.999999     0.005032     0.039005
   0.996839     0.999999     0.003997     0.035804
   0.996812     0.999999     0.014861     0.091183
   0.996766     0.999999     0.014097     0.086845
   0.993058     0.999999     0.006944     0.158542
   0.987794     0.999999     0.020127     0.179239
   0.987657     0.999999     0.017436     0.145827
   0.987763     0.999999     0.027979     0.227111
   0.981199     0.999999     0.036588     0.219434
   0.981021     0.999999     0.029390     0.299810
   0.974033     0.999999     0.089880     0.238300
   0.964986     0.999999     0.086434     0.288346
   0.965601     0.999999     0.116204     0.306370
   0.954722     0.999999     0.100040     0.360667
   0.954914     0.999999     0.108285     0.430091
   0.948725     0.999999     0.219263     0.252782
   0.949257     0.999999     0.229747     0.269012
   0.936729     0.999999     0.204975     0.350028
   0.937093     0.999999     0.232089     0.401792
   0.911604     0.999999     0.229043     0.411845
   0.895599     0.999999     0.351036     0.398960
   0.876463     0.999999     0.425267     0.403927
   0.879037     0.999999     0.565808     0.287046
   0.863028     0.999999     0.602425     0.270056
   0.811770     0.999999     0.637390     0.318821
   0.814778     0.999999     0.757066     0.227249
   0.787041     0.999999     0.796507     0.255474
   0.773512     0.999999     0.834770     0.250979
   0.782682     0.999999     0.873252     0.200527
   0.765028     0.999999     0.884882     0.198921
   0.999993     0.999999     0.000000     0.000000
   0.999993     0.999999     0.000000     0.000000
   0.999993     0.999999     0.000000     0.000000
   0.999993     0.999999     0.000000     0.000000
   0.999991     0.999999     0.000000     0.000020
   0.999987     0.999999     0.000000     0.000051
   0.999505     0.999999     0.005184     0.000056
   0.999490     0.999999     0.005573     0.000121
   0.999477     0.999999     0.006158     0.014545
   0.999485     0.999999     0.006265     0.014251
   0.999469     0.999999     0.006813     0.013912
   0.998033     0.999999     0.013523     0.000225
   0.997962     0.999999     0.002905     0.013331
   0.997959     0.999999     0.003024     0.012893
   0.997893     0.999999     0.011297     0.012009
   0.995615     0.999999     0.020876     0.011464
   0.992265     0.999999     0.024069     0.000829
   0.992208     0.999999     0.029864     0.010977
   0.991994     0.999999     0.007673     0.010781
   0.987729     0.999999     0.013498     0.052281
   0.987630     0.999999     0.013151     0.009644
   0.982622     0.999999     0.018203     0.051415
   0.976664     0.999999     0.024872     0.052705
   0.976908     0.999999     0.026048     0.009988
   0.969933     0.999999     0.031558     0.052529
   0.969863     0.999999     0.029824     0.053781
   0.962862     0.999999     0.037919     0.052811
   0.962888     0.999999     0.040705     0.050734
   0.955576     0.999999     0.078256     0.050676
   0.954544     0.999999     0.049455     0.050687
   0.937860     0.999999     0.064067     0.117516
   0.917385     0.999999     0.083258     0.052878
   0.899151     0.999999     0.151731     0.108357
   0.880264     0.999999     0.178332     0.047253
   0.854586     0.999999     0.165347     0.046632
   0.807139     0.999999     0.279899     0.100938
   0.766638     0.999999     0.370179     0.091979
   0.726722     0.999999     0.433394     0.089490
   0.692524     0.999999     0.487684     0.087960
   0.650476     0.999999     0.506866     0.093449
   0.639918     0.999999     0.570520     0.086465
   0.999991     0.999999     0.000000     0.000000
   0.999991     0.999999     0.000000     0.000000
   0.999991     0.999999     0.000000     0.000000
   0.999990     0.999999     0.000000     0.000002
   0.999991     0.999999     0.000000     0.000000
   0.999986     0.999999     0.000000     0.000009
   0.999596     0.999999     0.000830     0.000014
   0.999631     0.999999     0.000606     0.000012
   0.999644     0.999999     0.000579     0.000017
   0.999592     0.999999     0.000576     0.000027
   0.999631     0.999999     0.000462     0.000018
   0.998680     0.999999     0.001854     0.000041
   0.998660     0.999999     0.002128     0.000057
   0.998595     0.999999     0.001957     0.000061
   0.998558     0.999999     0.001741     0.000099
   0.996827     0.999999     0.004395     0.000179
   0.994682     0.999999     0.007433     0.000244
   0.994558     0.999999     0.013923     0.015665
   0.994637     0.999999     0.015723     0.016000
   0.991517     0.999999     0.017427     0.000365
   0.991444     0.999999     0.009449     0.015930
   0.988097     0.999999     0.014713     0.000575
   0.983866     0.999999     0.018085     0.000628
   0.983693     0.999999     0.018201     0.015682
   0.979127     0.999999     0.023362     0.015576
   0.978972     0.999999     0.023396     0.015481
   0.974476     0.999999     0.026471     0.000861
   0.974004     0.999999     0.028049     0.014642
   0.968441     0.999999     0.034596     0.001135
   0.968409     0.999999     0.037788     0.001558
   0.955791     0.999999     0.045646     0.001704
   0.941796     0.999999     0.060072     0.002271
   0.925829     0.999999     0.076438     0.016840
   0.910513     0.999999     0.092420     0.017019
   0.893511     0.999999     0.109921     0.004153
   0.847832     0.999999     0.148982     0.020810
   0.801824     0.999999     0.194190     0.022132
   0.758138     0.999999     0.236570     0.023888
   0.717652     0.999999     0.276965     0.024622
   0.679569     0.999999     0.313678     0.026418
   0.642815     0.999999     0.348811     0.028448
   0.999988     0.999999     0.000000     0.000000
   0.999988     0.999999     0.000000     0.000000
   0.999988     0.999999     0.000000     0.000000
   0.999988     0.999999     0.000000     0.000000
   0.999988     0.999999     0.000000     0.000000
   0.999987     0.999999     0.000000     0.000001
   0.999758     0.999999     0.000243     0.000003
   0.999750     0.999999     0.000246     0.000009
   0.999760     0.999999     0.000231     0.000013
   0.999758     0.999999     0.000233     0.000013
   0.999737     0.999999     0.000242     0.000013
   0.998954     0.999999     0.001069     0.000038
   0.999004     0.999999     0.016133     0.016903
   0.998931     0.999999     0.001038     0.000037
   0.998943     0.999999     0.021567     0.018053
   0.997751     0.999999     0.002302     0.000092
   0.995870     0.999999     0.004288     0.000121
   0.995955     0.999999     0.004146     0.000173
   0.996001     0.999999     0.018945     0.016978
   0.993774     0.999999     0.006094     0.000228
   0.993745     0.999999     0.006348     0.000338
   0.991193     0.999999     0.008618     0.000330
   0.988106     0.999999     0.011700     0.000389
   0.987921     0.999999     0.011823     0.000455
   0.984374     0.999999     0.015391     0.000497
   0.984160     0.999999     0.015291     0.000532
   0.980715     0.999999     0.018922     0.017323
   0.980648     0.999999     0.019004     0.000675
   0.976765     0.999999     0.022821     0.000810
   0.976508     0.999999     0.023065     0.000827
   0.967303     0.999999     0.031335     0.001341
   0.956355     0.999999     0.042794     0.001607
   0.944244     0.999999     0.054794     0.017946
   0.931424     0.999999     0.067090     0.002684
   0.918506     0.999999     0.078427     0.003038
   0.883732     0.999999     0.111936     0.004299
   0.846545     0.999999     0.147968     0.005449
   0.808947     0.999999     0.183662     0.007346
   0.775147     0.999999     0.216283     0.008520
   0.742072     0.999999     0.248334     0.009538
   0.714468     0.999999     0.274061     0.011409
   0.999985     0.999999     0.000000     0.000000
   0.999985     0.999999     0.000000     0.000000
   0.999985     0.999999     0.000000     0.000000
   0.999985     0.999999     0.000000     0.000000
   0.999985     0.999999     0.000000     0.000000
   0.999984     0.999999     0.000000     0.000002
   0.999834     0.999999     0.000153     0.000002
   0.999796     0.999999     0.000188     0.000004
   0.999796     0.999999     0.000190     0.000002
   0.999807     0.999999     0.000174     0.000007
   0.999801     0.999999     0.000176     0.000011
   0.999201     0.999999     0.000768     0.000016
   0.999226     0.999999     0.000743     0.000016
   0.999103     0.999999     0.000860     0.000022
   0.999233     0.999999     0.000695     0.000055
   0.998181     0.999999     0.001766     0.000068
   0.996856     0.999999     0.003101     0.000082
   0.996826     0.999999     0.003101     0.000112
   0.997020     0.999999     0.002817     0.000145
   0.995084     0.999999     0.004713     0.000185
   0.995252     0.999999     0.004520     0.000209
   0.993092     0.999999     0.006696     0.000193
   0.990666     0.999999     0.008972     0.000342
   0.990904     0.999999     0.008753     0.000323
   0.988060     0.999999     0.011504     0.000416
   0.988080     0.999999     0.011442     0.000458
   0.985381     0.999999     0.014131     0.000467
   0.985289     0.999999     0.014317     0.000635
   0.982080     0.999999     0.017610     0.000607
   0.981974     0.999999     0.017578     0.000746
   0.974807     0.999999     0.024712     0.000906
   0.965420     0.999999     0.033329     0.018749
   0.956938     0.999999     0.041488     0.001545
   0.947350     0.999999     0.050643     0.001976
   0.936323     0.999999     0.061340     0.002304
   0.907359     0.999999     0.089111     0.003491
   0.879470     0.999999     0.115880     0.004605
   0.848428     0.999999     0.145553     0.005968
   0.817105     0.999999     0.175682     0.007155
   0.787539     0.999999     0.204087     0.008309
   0.762585     0.999999     0.228110     0.009233
   0.999982     0.999999     0.000000     0.000000
   0.999982     0.999999     0.000000     0.000000
   0.999982     0.999999     0.000000     0.000000
   0.999982     0.999999     0.000000     0.000000
   0.999982     0.999999     0.000000     0.000000
   0.999980     0.999999     0.000000     0.000002
   0.999833     0.999999     0.000146     0.000002
   0.999858     0.999999     0.000115     0.000008
   0.999828     0.999999     0.000149     0.000005
   0.999840     0.999999     0.000133     0.000008
   0.999850     0.999999     0.000118     0.000013
   0.999351     0.999999     0.000611     0.000019
   0.999306     0.999999     0.000655     0.000019
   0.999359     0.999999     0.000588     0.000035
   0.999354     0.999999     0.000599     0.000027
   0.998625     0.999999     0.001299     0.000056
   0.997484     0.999999     0.002426     0.000069
   0.997394     0.999999     0.002486     0.000099
   0.997498     0.999999     0.002379     0.000101
   0.996118     0.999999     0.003722     0.000138
   0.996076     0.999999     0.003720     0.000181
   0.994564     0.999999     0.005298     0.000212
   0.992958     0.999999     0.006905     0.000240
   0.992683     0.999999     0.007154     0.000270
   0.990544     0.999999     0.009295     0.000305
   0.990562     0.999999     0.009174     0.000407
   0.988017     0.999999     0.011791     0.000381
   0.988300     0.999999     0.011460     0.000422
   0.985335     0.999999     0.014397     0.000504
   0.986012     0.999999     0.013694     0.000516
   0.979923     0.999999     0.019761     0.000645
   0.973303     0.999999     0.026121     0.001021
   0.965966     0.999999     0.033250     0.001358
   0.957800     0.999999     0.041219     0.001698
   0.949648     0.999999     0.049314     0.001899
   0.926403     0.999999     0.071987     0.002879
   0.901809     0.999999     0.096023     0.003871
   0.874672     0.999999     0.122740     0.004767
   0.851081     0.999999     0.145322     0.006191
   0.825349     0.999999     0.170539     0.007157
   0.802523     0.999999     0.193194     0.007728
   0.999979     0.999999     0.000000     0.000000
   0.999978     0.999999     0.000000     0.000001
   0.999979     0.999999     0.000000     0.000000
   0.999979     0.999999     0.000000     0.000000
   0.999978     0.999999     0.000000     0.000001
   0.999976     0.999999     0.000000     0.000002
   0.999859     0.999999     0.000122     0.000000
   0.999838     0.999999     0.000140     0.000002
   0.999851     0.999999     0.000123     0.000006
   0.999845     0.999999     0.000125     0.000010
   0.999844     0.999999     0.000125     0.000010
   0.999533     0.999999     0.000436     0.000016
   0.999459     0.999999     0.000510     0.000016
   0.999438     0.999999     0.000516     0.000032
   0.999454     0.999999     0.000489     0.000043
   0.998857     0.999999     0.001095     0.000044
   0.997831     0.999999     0.002112     0.000070
   0.997981     0.999999     0.001927     0.000103
   0.997933     0.999999     0.001973     0.000105
   0.997064     0.999999     0.002855     0.000107
   0.996856     0.999999     0.003003     0.000170
   0.995568     0.999999     0.004332     0.000151
   0.993960     0.999999     0.005965     0.000154
   0.994050     0.999999     0.005796     0.000232
   0.992439     0.999999     0.007372     0.000295
   0.992288     0.999999     0.007519     0.000301
   0.990465     0.999999     0.009336     0.000339
   0.990304     0.999999     0.009526     0.000312
   0.988220     0.999999     0.011573     0.000386
   0.987883     0.999999     0.011788     0.000513
   0.983470     0.999999     0.016192     0.000599
   0.977889     0.999999     0.021605     0.000864
   0.972178     0.999999     0.027358     0.000922
   0.965618     0.999999     0.033685     0.001269
   0.958325     0.999999     0.040586     0.001789
   0.938390     0.999999     0.060361     0.002298
   0.918472     0.999999     0.079764     0.003162
   0.897313     0.999999     0.100698     0.003756
   0.875831     0.999999     0.121492     0.004819
   0.854723     0.999999     0.141745     0.006043
   0.834367     0.999999     0.161818     0.006681
