1.025819
1.378065
1.422190
1.436521
1.390615
1.611452
2.477087
2.554821
2.620164
2.679289
2.668729
2.786658
2.758841
2.742035
2.824245
2.786726
2.841890
2.842980
2.851418
2.854725
2.846483
2.851967
2.863199
2.863451
2.870358
2.874273
2.891278
2.886396
2.885447
2.876255
2.887405
2.886940
2.891807
2.885786
2.893437
2.886127
2.880203
2.876709
2.862707
2.880522
2.868895
1.195213
1.691776
1.827035
1.880654
1.874972
1.910164
2.900767
2.918570
2.939754
2.949260
2.958392
2.959029
2.965550
2.965733
2.969462
2.976267
2.977716
2.979527
2.979337
2.981714
2.981829
2.982987
2.983854
2.983241
2.984504
2.984756
2.984430
2.985190
2.985234
2.985435
2.985375
2.985462
2.985382
2.985744
2.985277
2.984614
2.984539
2.983370
2.983429
2.982510
2.982284
1.203611
1.743902
1.870697
1.928255
1.947280
1.962657
2.953621
2.972067
2.978022
2.982521
2.983508
2.986573
2.987767
2.988033
2.990358
2.991467
2.992217
2.992794
2.993256
2.993519
2.993653
2.994140
2.994333
2.994420
2.994623
2.994594
2.994659
2.994793
2.994793
2.994961
2.995021
2.995046
2.995108
2.995044
2.994931
2.994833
2.994481
2.994463
2.994179
2.994188
2.994015
1.218890
1.773703
1.855757
1.963051
1.984368
1.990793
2.986927
2.992572
2.994605
2.995521
2.996202
2.996590
2.996819
2.997196
2.997678
2.997909
2.998077
2.998238
2.998339
2.998422
2.998454
2.998563
2.998598
2.998614
2.998646
2.998689
2.998715
2.998721
2.998731
2.998748
2.998767
2.998796
2.998770
2.998775
2.998745
2.998687
2.998640
2.998593
2.998547
2.998519
2.998515
1.039950
1.806237
1.919738
1.976696
1.992727
1.997369
2.995395
2.997713
2.998430
2.998791
2.998981
2.999120
2.999217
2.999270
2.999390
2.999465
2.999514
2.999557
2.999581
2.999606
2.999620
2.999634
2.999644
2.999653
2.999661
2.999667
2.999673
2.999676
2.999679
2.999685
2.999692
2.999693
2.999691
2.999688
2.999683
2.999669
2.999651
2.999642
2.999630
2.999624
2.999616
1.236877
1.822664
1.919888
1.981627
1.995537
1.998777
2.998054
2.998997
2.999364
2.999531
2.999621
2.999704
2.999739
2.999768
2.999810
2.999839
2.999857
2.999869
2.999877
2.999885
2.999889
2.999895
2.999898
2.999901
2.999903
2.999905
2.999906
2.999908
2.999909
2.999910
2.999912
2.999913
2.999912
2.999912
2.999910
2.999905
2.999900
2.999896
2.999893
2.999890
2.999888
2.078300
2.330098
2.730882
2.900352
2.983596
2.996871
3.978395
3.977503
3.969547
3.960978
3.948875
3.960204
3.949338
3.938742
3.850224
3.809066
3.695503
3.511574
3.304593
3.211948
3.210163
3.018279
3.028210
3.002198
3.000429
3.026606
3.075428
3.051959
3.028713
3.096461
3.160356
3.372912
3.543917
3.619728
3.660071
3.794795
3.827245
3.823102
3.823637
3.825291
3.819390
2.025982
2.578711
2.768255
2.912697
2.985702
2.996922
3.959550
3.936881
3.931402
3.884707
3.844208
3.855490
3.789296
3.568298
3.112362
3.226323
3.515652
3.713221
3.755521
3.765424
3.820473
3.792624
3.789936
3.830548
3.802621
3.768902
3.768475
3.704481
3.719881
3.636651
3.368800
3.017017
3.136361
3.481885
3.683170
3.868936
3.906653
3.926070
3.936739
3.941632
3.947432
2.082065
2.613883
2.776370
2.940349
2.985240
2.996914
3.906412
3.874988
3.828489
3.673693
3.425467
3.355163
3.068582
3.090241
3.649699
3.786036
3.867869
3.905267
3.904896
3.908947
3.919420
3.920408
3.918446
3.910864
3.905742
3.895104
3.881884
3.872637
3.843320
3.843065
3.638218
3.223338
3.104301
3.651120
3.789863
3.926344
3.957421
3.965737
3.971379
3.973130
3.973816
2.351947
2.565398
2.822404
2.940210
2.984419
2.996546
3.819447
3.707597
3.551943
3.355847
3.023977
2.999952
3.297687
3.535424
3.731171
3.872698
3.893567
3.913957
3.927034
3.931239
3.926157
3.923570
3.922521
3.919750
3.907840
3.905750
3.898757
3.885573
3.866574
3.825936
3.586701
3.007878
3.500431
3.794301
3.903058
3.959604
3.974662
3.980935
3.983378
3.984808
3.985099
2.155190
2.482798
2.815783
2.925769
2.984547
2.996018
3.656873
3.500369
3.238399
3.038219
3.026266
3.221548
3.516420
3.683783
3.803475
3.883663
3.907390
3.921614
3.913555
3.915688
3.915437
3.923438
3.902320
3.899506
3.886385
3.879598
3.831607
3.815252
3.798391
3.661788
3.190185
3.348128
3.793020
3.910962
3.944159
3.975773
3.983507
3.987049
3.988615
3.989640
3.990221
2.019767
2.516820
2.776790
2.926417
2.981344
2.995536
3.529867
3.364989
3.153332
2.999525
3.093342
3.445253
3.654590
3.735338
3.852134
3.912172
3.935244
3.945367
3.939932
3.942386
3.940297
3.939657
3.939664
3.921858
3.905325
3.886297
3.860175
3.796108
3.755580
3.605415
3.348707
3.867732
3.952759
3.973872
3.982935
3.991758
3.994416
3.995312
3.995872
3.996146
3.996368
2.243531
2.519970
2.764239
2.915224
2.980553
2.994907
3.452600
3.161405
3.031357
2.999462
3.093909
3.442006
3.579350
3.674333
3.768546
3.881118
3.901388
3.908340
3.900547
3.906667
3.908337
3.893272
3.867742
3.845920
3.789214
3.705946
3.611014
3.333118
3.015091
3.029254
3.836949
3.944727
3.973188
3.984753
3.989343
3.993972
3.995633
3.996450
3.996730
3.996985
3.997090
2.120609
2.313099
2.697567
2.918181
2.974025
2.993867
3.305157
3.170078
3.032265
3.032118
3.050620
3.269239
3.412218
3.571770
3.656610
3.787405
3.830811
3.834097
3.822419
3.833275
3.763547
3.721128
3.681865
3.468044
3.280578
3.056330
3.045935
3.395111
3.628978
3.743794
3.935545
3.970556
3.982902
3.988829
3.991836
3.995177
3.996421
3.996958
3.997233
3.997443
3.997484
2.011798
2.348154
2.620183
2.877118
2.966787
2.990703
3.220951
3.135323
3.081952
3.033289
3.015574
3.043671
3.024352
3.041553
3.099446
3.056512
3.061606
3.018477
3.041634
3.117626
3.352485
3.519019
3.642828
3.781239
3.826657
3.889650
3.911190
3.931925
3.945360
3.958897
3.977957
3.986852
3.990951
3.993314
3.994545
3.996442
3.997187
3.997522
3.997724
3.997838
3.997884
2.130565
2.348258
2.553248
2.793008
2.948508
2.985334
3.245370
3.133745
3.198143
3.209045
3.145723
3.262591
3.343935
3.361545
3.373722
3.582618
3.693465
3.718654
3.802578
3.827838
3.897495
3.920301
3.942433
3.950550
3.960521
3.968075
3.972962
3.977560
3.982141
3.983818
3.990104
3.993105
3.994989
3.995990
3.996667
3.997619
3.998005
3.998253
3.998352
3.998403
3.998466
2.078075
2.133595
2.382362
2.754528
2.920160
2.978565
3.250299
3.288506
3.299477
3.310161
3.304726
3.577278
3.581776
3.623604
3.648010
3.790312
3.880127
3.890399
3.912540
3.941936
3.951331
3.959787
3.970309
3.975009
3.979248
3.981695
3.984213
3.986587
3.988092
3.989937
3.993092
3.994985
3.996106
3.996771
3.997309
3.997945
3.998249
3.998412
3.998491
3.998541
3.998562
2.057890
2.130751
2.259217
2.661782
2.883829
2.967402
3.252540
3.237183
3.299120
3.370670
3.407465
3.651307
3.670251
3.700696
3.762916
3.855161
3.914154
3.926540
3.944409
3.957234
3.963200
3.971025
3.975940
3.979145
3.982460
3.985107
3.986536
3.988102
3.989464
3.990521
3.993349
3.995001
3.995954
3.996651
3.997100
3.997733
3.998051
3.998191
3.998262
3.998316
3.998350
2.004634
2.062169
2.338068
2.579065
2.852051
2.955607
3.251412
3.192709
3.321659
3.309173
3.446393
3.689059
3.731660
3.732957
3.802615
3.879211
3.922032
3.936638
3.947131
3.960794
3.964802
3.972299
3.977786
3.980750
3.982751
3.984262
3.986615
3.988001
3.989275
3.990261
3.993056
3.994575
3.995557
3.996242
3.996694
3.997342
3.997690
3.997826
3.997938
3.997960
3.997998
2.016154
2.038772
2.170418
2.419366
2.789028
2.935217
3.233502
3.277228
3.382813
3.356914
3.346800
3.711915
3.643586
3.717546
3.769116
3.884153
3.929243
3.937856
3.945589
3.960894
3.966145
3.972486
3.977743
3.981084
3.983578
3.985154
3.987221
3.988499
3.989610
3.990100
3.992945
3.994408
3.995437
3.996035
3.996433
3.997142
3.997484
3.997630
3.997716
3.997799
3.997789
2.115254
2.143202
2.080112
2.451748
2.702572
2.914941
3.170888
3.221262
3.266035
3.372567
3.312656
3.630077
3.683113
3.706128
3.751372
3.885085
3.917271
3.927361
3.940408
3.952516
3.962511
3.969781
3.975192
3.977924
3.980928
3.982638
3.984785
3.986253
3.987824
3.988661
3.991690
3.993361
3.994430
3.995183
3.995657
3.996413
3.996781
3.996995
3.997128
3.997175
3.997200
2.030684
2.031259
2.170022
2.231289
2.634514
2.890262
3.200300
3.147204
3.125371
3.245293
3.236649
3.637086
3.649900
3.614183
3.725487
3.841543
3.904649
3.923971
3.935766
3.950290
3.957507
3.965844
3.973678
3.976095
3.978572
3.980849
3.984150
3.984774
3.986625
3.987440
3.990753
3.992476
3.993671
3.994547
3.995032
3.995856
3.996231
3.996449
3.996624
3.996660
3.996706
2.005340
2.040759
2.053621
2.244587
2.499047
2.847190
3.115983
3.043802
3.203997
3.312420
3.289606
3.527326
3.641363
3.609248
3.644088
3.825932
3.889977
3.900527
3.920722
3.939591
3.949062
3.962121
3.969510
3.971550
3.975529
3.978089
3.980875
3.981993
3.984554
3.985142
3.988977
3.991193
3.992611
3.993497
3.994050
3.994938
3.995464
3.995682
3.995912
3.996004
3.996013
2.018909
2.051994
2.056525
2.249652
2.547503
2.795775
3.008544
3.136261
3.163354
3.125603
3.191895
3.504073
3.498272
3.596412
3.638726
3.789597
3.871426
3.883002
3.899870
3.923420
3.937454
3.950344
3.959470
3.965742
3.970389
3.971986
3.975584
3.977941
3.979603
3.981765
3.986180
3.988977
3.990322
3.991648
3.992240
3.993625
3.994097
3.994448
3.994718
3.994686
3.994669
2.008270
2.043110
2.176632
2.103384
2.368768
2.749673
2.956795
3.018349
3.086350
3.014817
3.088270
3.426849
3.394382
3.411129
3.537781
3.724552
3.842486
3.841438
3.870181
3.912807
3.923879
3.939695
3.952827
3.955915
3.963135
3.966323
3.968732
3.972568
3.976599
3.977078
3.982938
3.986414
3.988242
3.989796
3.990553
3.992108
3.992705
3.993042
3.993213
3.993255
3.993346
1.999996
2.057356
2.053544
2.097821
2.360770
2.601238
2.937258
2.989679
3.138560
3.097863
3.133568
3.312527
3.297062
3.421130
3.367578
3.694989
3.809930
3.820167
3.852363
3.892277
3.885711
3.921312
3.935742
3.945386
3.949848
3.954888
3.961103
3.964068
3.968787
3.970334
3.977780
3.981289
3.984179
3.986354
3.987410
3.989449
3.990349
3.990853
3.991193
3.991397
3.991299
2.003181
2.004582
2.046259
2.162601
2.324606
2.637431
2.907164
2.926596
3.023027
3.024248
3.068451
3.141519
3.186084
3.335464
3.370687
3.536430
3.739208
3.771818
3.774942
3.852241
3.869444
3.903286
3.919065
3.923347
3.939733
3.944505
3.951318
3.952928
3.960761
3.961080
3.973067
3.976763
3.980257
3.982010
3.984125
3.986462
3.987691
3.988478
3.988391
3.988437
3.988462
2.000688
2.070516
2.058578
2.032775
2.192897
2.635232
2.826742
2.869451
2.889949
2.982841
3.031914
3.164924
3.158809
3.269294
3.296659
3.556461
3.662170
3.745904
3.724412
3.783434
3.834519
3.868896
3.893860
3.904387
3.925374
3.923102
3.934484
3.938359
3.945596
3.950325
3.962539
3.968851
3.973430
3.976786
3.979212
3.982223
3.983129
3.984064
3.984632
3.985008
3.985082
2.012635
2.012626
2.032259
2.065944
2.249933
2.572800
2.722799
2.870582
2.874230
2.911819
3.010274
3.169555
3.168858
3.169881
3.198293
3.456803
3.576187
3.576846
3.704676
3.742819
3.799810
3.830996
3.859194
3.875403
3.898613
3.914548
3.915578
3.922225
3.930030
3.935667
3.950858
3.961098
3.965677
3.969829
3.973599
3.976885
3.978340
3.979682
3.980093
3.980455
3.980903
2.012970
2.018469
2.027999
2.041094
2.101774
2.462327
2.618568
2.758585
2.880436
2.927894
2.910876
3.153390
3.095855
3.107386
3.124503
3.333033
3.448486
3.605670
3.554545
3.674798
3.706395
3.778987
3.836606
3.836320
3.862070
3.872062
3.888384
3.900712
3.909495
3.905227
3.932797
3.951216
3.953930
3.959343
3.964098
3.969293
3.971107
3.972008
3.971790
3.972469
3.972879
2.018224
2.006141
2.000275
2.002917
2.041027
2.202631
2.407242
2.395652
2.568910
2.700353
2.727326
2.876835
2.862443
2.906623
2.913094
3.057125
3.118291
3.198696
3.233641
3.368867
3.424681
3.465858
3.467247
3.515016
3.633161
3.622224
3.700531
3.722007
3.727094
3.742184
3.769780
3.845049
3.862073
3.859675
3.872649
3.894834
3.909285
3.913152
3.915340
3.917825
3.917856
1.999995
2.000139
1.999995
2.009868
2.004675
2.083824
2.087732
2.234235
2.283764
2.457818
2.416601
2.591582
2.575761
2.632194
2.737464
2.782452
2.898846
2.988544
2.914612
2.983261
3.094547
3.091870
3.144649
3.200659
3.311810
3.294233
3.228428
3.299095
3.386356
3.325920
3.493243
3.539061
3.638121
3.646689
3.636281
3.696022
3.715092
3.713049
3.697529
3.718396
3.706918
2.000068
1.999995
2.000067
2.013771
2.010243
2.002842
2.038668
2.083556
2.179733
2.205423
2.145218
2.338787
2.428150
2.388287
2.499875
2.611680
2.648270
2.727192
2.725995
2.761174
2.798292
2.866613
2.958177
2.903540
2.885832
2.975919
2.939232
3.030599
3.073818
3.073381
3.191575
3.212458
3.213687
3.275669
3.343733
3.411692
3.425509
3.422172
3.436986
3.458093
3.461223
2.000028
2.000028
2.000027
2.000296
2.013569
2.010165
2.053946
2.052698
2.099360
2.085758
2.087026
2.043367
2.164891
2.140524
2.219530
2.324355
2.304786
2.402690
2.402266
2.551838
2.619391
2.637433
2.614184
2.662476
2.658422
2.734840
2.709233
2.758854
2.804254
2.844688
2.860548
2.911372
2.968280
2.884634
2.960776
3.006638
2.996854
3.008039
3.029053
3.021152
3.024834
2.000009
1.999994
1.999994
2.000009
2.000054
2.013048
2.035261
2.009230
2.008824
2.055043
2.042792
2.040855
2.036639
2.102856
2.097707
2.158543
2.187158
2.150919
2.242852
2.237219
2.310220
2.302212
2.339765
2.388174
2.415427
2.493290
2.420769
2.448014
2.491730
2.570973
2.552490
2.645593
2.705656
2.731890
2.735507
2.767979
2.799092
2.839020
2.859260
2.856461
2.848830
1.999992
1.999992
1.999992
1.999992
2.000010
2.000038
2.004745
2.005182
2.020179
2.020000
2.020193
2.011781
2.014197
2.013874
2.021199
2.027954
2.017162
2.033048
2.010447
2.053507
2.010424
2.052240
2.054240
2.012943
2.054018
2.053467
2.053592
2.054326
2.084507
2.054685
2.119442
2.053521
2.159238
2.105848
2.066564
2.187975
2.228795
2.249604
2.268166
2.250790
2.296901
1.999990
1.999990
1.999990
1.999991
1.999990
1.999995
2.000440
2.000248
2.000239
2.000193
2.000111
2.000574
2.000845
2.000612
2.000398
2.001401
2.002358
2.024145
2.026359
2.009308
2.016822
2.003384
2.002578
2.017575
2.018064
2.017848
2.001807
2.016694
2.004171
2.007754
2.003140
2.004138
2.019105
2.019951
2.007584
2.017624
2.018146
2.018595
2.019238
2.019665
2.020073
1.999988
1.999988
1.999987
1.999987
1.999987
1.999987
2.000004
2.000004
2.000003
2.000003
1.999991
2.000060
2.032040
2.000005
2.038562
2.000145
2.000279
2.000273
2.031923
2.000095
2.000429
2.000140
2.000195
2.000198
2.000261
1.999982
2.016959
2.000326
2.000395
2.000399
1.999978
2.000756
2.016984
2.001197
1.999971
1.999966
1.999960
1.999955
1.999949
1.999943
1.999937
1.999985
1.999985
1.999985
1.999985
1.999985
1.999984
1.999987
1.999987
1.999987
1.999987
1.999987
1.999984
1.999983
1.999983
1.999983
2.000015
2.000038
2.000038
1.999981
1.999981
1.999980
1.999980
1.999980
1.999979
1.999979
1.999978
1.999978
2.000240
2.000297
2.000298
2.000424
2.017497
1.999970
1.999968
1.999966
1.999961
1.999955
1.999948
1.999942
1.999935
1.999927
1.999981
1.999982
1.999981
1.999981
1.999981
1.999981
1.999981
1.999981
1.999981
1.999981
1.999980
1.999980
1.999980
1.999980
1.999979
1.999979
1.999979
1.999978
1.999978
1.999977
1.999977
2.000073
2.000101
2.000106
2.000143
2.000142
2.000187
2.000182
2.000234
2.000222
2.000328
2.000444
2.000573
2.000717
2.000860
2.001269
2.001702
2.002179
2.002593
2.003045
2.003444
1.999978
1.999978
1.999978
1.999978
1.999978
1.999977
1.999979
1.999980
1.999979
1.999979
1.999979
1.999984
1.999985
1.999986
1.999985
1.999995
2.000013
2.000010
2.000010
2.000025
2.000028
2.000051
2.000079
2.000077
2.000105
2.000107
2.000139
2.000141
2.000178
2.000184
2.000260
2.000357
2.000457
2.000571
2.000699
2.001048
2.001396
2.001766
2.002142
2.002510
2.002865
