    0.01     30.00      0.01     12.00
    0.01     30.00      0.03     12.00
    0.01     30.00      0.05     12.00
    0.01     30.00      0.10     12.00
    0.01     30.00      0.20     12.00
    0.01     30.00      0.40     12.00
    0.01     30.00      0.60     12.00
    0.01     30.00      0.80     12.00
    0.01     30.00      1.00     12.00
    0.01     30.00      1.20     12.00
    0.01     30.00      1.40     12.00
    0.01     30.00      1.60     12.00
    0.01     30.00      1.80     12.00
    0.01     30.00      2.00     12.00
    0.01     30.00      2.50     12.00
    0.01     30.00      3.00     12.00
    0.01     30.00      3.50     12.00
    0.01     30.00      4.00     12.00
    0.01     30.00      4.50     12.00
    0.01     30.00      5.00     12.00
    0.01     30.00      5.50     12.00
    0.01     30.00      6.00     12.00
    0.01     30.00      6.50     12.00
    0.01     30.00      7.00     12.00
    0.01     30.00      7.50     12.00
    0.01     30.00      8.00     12.00
    0.01     30.00      8.50     12.00
    0.01     30.00      9.00     12.00
    0.01     30.00      9.50     12.00
    0.01     30.00     10.00     12.00
    0.01     30.00     12.00     12.00
    0.01     30.00     14.00     12.00
    0.01     30.00     16.00     12.00
    0.01     30.00     18.00     12.00
    0.01     30.00     20.00     12.00
    0.01     30.00     25.00     12.00
    0.01     30.00     30.00     12.00
    0.01     30.00     35.00     12.00
    0.01     30.00     40.00     12.00
    0.01     30.00     45.00     12.00
    0.01     30.00     50.00     12.00
    0.03     30.00      0.01     12.00
    0.03     30.00      0.03     12.00
    0.03     30.00      0.05     12.00
    0.03     30.00      0.10     12.00
    0.03     30.00      0.20     12.00
    0.03     30.00      0.40     12.00
    0.03     30.00      0.60     12.00
    0.03     30.00      0.80     12.00
    0.03     30.00      1.00     12.00
    0.03     30.00      1.20     12.00
    0.03     30.00      1.40     12.00
    0.03     30.00      1.60     12.00
    0.03     30.00      1.80     12.00
    0.03     30.00      2.00     12.00
    0.03     30.00      2.50     12.00
    0.03     30.00      3.00     12.00
    0.03     30.00      3.50     12.00
    0.03     30.00      4.00     12.00
    0.03     30.00      4.50     12.00
    0.03     30.00      5.00     12.00
    0.03     30.00      5.50     12.00
    0.03     30.00      6.00     12.00
    0.03     30.00      6.50     12.00
    0.03     30.00      7.00     12.00
    0.03     30.00      7.50     12.00
    0.03     30.00      8.00     12.00
    0.03     30.00      8.50     12.00
    0.03     30.00      9.00     12.00
    0.03     30.00      9.50     12.00
    0.03     30.00     10.00     12.00
    0.03     30.00     12.00     12.00
    0.03     30.00     14.00     12.00
    0.03     30.00     16.00     12.00
    0.03     30.00     18.00     12.00
    0.03     30.00     20.00     12.00
    0.03     30.00     25.00     12.00
    0.03     30.00     30.00     12.00
    0.03     30.00     35.00     12.00
    0.03     30.00     40.00     12.00
    0.03     30.00     45.00     12.00
    0.03     30.00     50.00     12.00
    0.05     30.00      0.01     12.00
    0.05     30.00      0.03     12.00
    0.05     30.00      0.05     12.00
    0.05     30.00      0.10     12.00
    0.05     30.00      0.20     12.00
    0.05     30.00      0.40     12.00
    0.05     30.00      0.60     12.00
    0.05     30.00      0.80     12.00
    0.05     30.00      1.00     12.00
    0.05     30.00      1.20     12.00
    0.05     30.00      1.40     12.00
    0.05     30.00      1.60     12.00
    0.05     30.00      1.80     12.00
    0.05     30.00      2.00     12.00
    0.05     30.00      2.50     12.00
    0.05     30.00      3.00     12.00
    0.05     30.00      3.50     12.00
    0.05     30.00      4.00     12.00
    0.05     30.00      4.50     12.00
    0.05     30.00      5.00     12.00
    0.05     30.00      5.50     12.00
    0.05     30.00      6.00     12.00
    0.05     30.00      6.50     12.00
    0.05     30.00      7.00     12.00
    0.05     30.00      7.50     12.00
    0.05     30.00      8.00     12.00
    0.05     30.00      8.50     12.00
    0.05     30.00      9.00     12.00
    0.05     30.00      9.50     12.00
    0.05     30.00     10.00     12.00
    0.05     30.00     12.00     12.00
    0.05     30.00     14.00     12.00
    0.05     30.00     16.00     12.00
    0.05     30.00     18.00     12.00
    0.05     30.00     20.00     12.00
    0.05     30.00     25.00     12.00
    0.05     30.00     30.00     12.00
    0.05     30.00     35.00     12.00
    0.05     30.00     40.00     12.00
    0.05     30.00     45.00     12.00
    0.05     30.00     50.00     12.00
    0.10     30.00      0.01     12.00
    0.10     30.00      0.03     12.00
    0.10     30.00      0.05     12.00
    0.10     30.00      0.10     12.00
    0.10     30.00      0.20     12.00
    0.10     30.00      0.40     12.00
    0.10     30.00      0.60     12.00
    0.10     30.00      0.80     12.00
    0.10     30.00      1.00     12.00
    0.10     30.00      1.20     12.00
    0.10     30.00      1.40     12.00
    0.10     30.00      1.60     12.00
    0.10     30.00      1.80     12.00
    0.10     30.00      2.00     12.00
    0.10     30.00      2.50     12.00
    0.10     30.00      3.00     12.00
    0.10     30.00      3.50     12.00
    0.10     30.00      4.00     12.00
    0.10     30.00      4.50     12.00
    0.10     30.00      5.00     12.00
    0.10     30.00      5.50     12.00
    0.10     30.00      6.00     12.00
    0.10     30.00      6.50     12.00
    0.10     30.00      7.00     12.00
    0.10     30.00      7.50     12.00
    0.10     30.00      8.00     12.00
    0.10     30.00      8.50     12.00
    0.10     30.00      9.00     12.00
    0.10     30.00      9.50     12.00
    0.10     30.00     10.00     12.00
    0.10     30.00     12.00     12.00
    0.10     30.00     14.00     12.00
    0.10     30.00     16.00     12.00
    0.10     30.00     18.00     12.00
    0.10     30.00     20.00     12.00
    0.10     30.00     25.00     12.00
    0.10     30.00     30.00     12.00
    0.10     30.00     35.00     12.00
    0.10     30.00     40.00     12.00
    0.10     30.00     45.00     12.00
    0.10     30.00     50.00     12.00
    0.20     30.00      0.01     12.00
    0.20     30.00      0.03     12.00
    0.20     30.00      0.05     12.00
    0.20     30.00      0.10     12.00
    0.20     30.00      0.20     12.00
    0.20     30.00      0.40     12.00
    0.20     30.00      0.60     12.00
    0.20     30.00      0.80     12.00
    0.20     30.00      1.00     12.00
    0.20     30.00      1.20     12.00
    0.20     30.00      1.40     12.00
    0.20     30.00      1.60     12.00
    0.20     30.00      1.80     12.00
    0.20     30.00      2.00     12.00
    0.20     30.00      2.50     12.00
    0.20     30.00      3.00     12.00
    0.20     30.00      3.50     12.00
    0.20     30.00      4.00     12.00
    0.20     30.00      4.50     12.00
    0.20     30.00      5.00     12.00
    0.20     30.00      5.50     12.00
    0.20     30.00      6.00     12.00
    0.20     30.00      6.50     12.00
    0.20     30.00      7.00     12.00
    0.20     30.00      7.50     12.00
    0.20     30.00      8.00     12.00
    0.20     30.00      8.50     12.00
    0.20     30.00      9.00     12.00
    0.20     30.00      9.50     12.00
    0.20     30.00     10.00     12.00
    0.20     30.00     12.00     12.00
    0.20     30.00     14.00     12.00
    0.20     30.00     16.00     12.00
    0.20     30.00     18.00     12.00
    0.20     30.00     20.00     12.00
    0.20     30.00     25.00     12.00
    0.20     30.00     30.00     12.00
    0.20     30.00     35.00     12.00
    0.20     30.00     40.00     12.00
    0.20     30.00     45.00     12.00
    0.20     30.00     50.00     12.00
    0.40     30.00      0.01     12.00
    0.40     30.00      0.03     12.00
    0.40     30.00      0.05     12.00
    0.40     30.00      0.10     12.00
    0.40     30.00      0.20     12.00
    0.40     30.00      0.40     12.00
    0.40     30.00      0.60     12.00
    0.40     30.00      0.80     12.00
    0.40     30.00      1.00     12.00
    0.40     30.00      1.20     12.00
    0.40     30.00      1.40     12.00
    0.40     30.00      1.60     12.00
    0.40     30.00      1.80     12.00
    0.40     30.00      2.00     12.00
    0.40     30.00      2.50     12.00
    0.40     30.00      3.00     12.00
    0.40     30.00      3.50     12.00
    0.40     30.00      4.00     12.00
    0.40     30.00      4.50     12.00
    0.40     30.00      5.00     12.00
    0.40     30.00      5.50     12.00
    0.40     30.00      6.00     12.00
    0.40     30.00      6.50     12.00
    0.40     30.00      7.00     12.00
    0.40     30.00      7.50     12.00
    0.40     30.00      8.00     12.00
    0.40     30.00      8.50     12.00
    0.40     30.00      9.00     12.00
    0.40     30.00      9.50     12.00
    0.40     30.00     10.00     12.00
    0.40     30.00     12.00     12.00
    0.40     30.00     14.00     12.00
    0.40     30.00     16.00     12.00
    0.40     30.00     18.00     12.00
    0.40     30.00     20.00     12.00
    0.40     30.00     25.00     12.00
    0.40     30.00     30.00     12.00
    0.40     30.00     35.00     12.00
    0.40     30.00     40.00     12.00
    0.40     30.00     45.00     12.00
    0.40     30.00     50.00     12.00
    0.60     30.00      0.01     12.00
    0.60     30.00      0.03     12.00
    0.60     30.00      0.05     12.00
    0.60     30.00      0.10     12.00
    0.60     30.00      0.20     12.00
    0.60     30.00      0.40     12.00
    0.60     30.00      0.60     12.00
    0.60     30.00      0.80     12.00
    0.60     30.00      1.00     12.00
    0.60     30.00      1.20     12.00
    0.60     30.00      1.40     12.00
    0.60     30.00      1.60     12.00
    0.60     30.00      1.80     12.00
    0.60     30.00      2.00     12.00
    0.60     30.00      2.50     12.00
    0.60     30.00      3.00     12.00
    0.60     30.00      3.50     12.00
    0.60     30.00      4.00     12.00
    0.60     30.00      4.50     12.00
    0.60     30.00      5.00     12.00
    0.60     30.00      5.50     12.00
    0.60     30.00      6.00     12.00
    0.60     30.00      6.50     12.00
    0.60     30.00      7.00     12.00
    0.60     30.00      7.50     12.00
    0.60     30.00      8.00     12.00
    0.60     30.00      8.50     12.00
    0.60     30.00      9.00     12.00
    0.60     30.00      9.50     12.00
    0.60     30.00     10.00     12.00
    0.60     30.00     12.00     12.00
    0.60     30.00     14.00     12.00
    0.60     30.00     16.00     12.00
    0.60     30.00     18.00     12.00
    0.60     30.00     20.00     12.00
    0.60     30.00     25.00     12.00
    0.60     30.00     30.00     12.00
    0.60     30.00     35.00     12.00
    0.60     30.00     40.00     12.00
    0.60     30.00     45.00     12.00
    0.60     30.00     50.00     12.00
    0.80     30.00      0.01     12.00
    0.80     30.00      0.03     12.00
    0.80     30.00      0.05     12.00
    0.80     30.00      0.10     12.00
    0.80     30.00      0.20     12.00
    0.80     30.00      0.40     12.00
    0.80     30.00      0.60     12.00
    0.80     30.00      0.80     12.00
    0.80     30.00      1.00     12.00
    0.80     30.00      1.20     12.00
    0.80     30.00      1.40     12.00
    0.80     30.00      1.60     12.00
    0.80     30.00      1.80     12.00
    0.80     30.00      2.00     12.00
    0.80     30.00      2.50     12.00
    0.80     30.00      3.00     12.00
    0.80     30.00      3.50     12.00
    0.80     30.00      4.00     12.00
    0.80     30.00      4.50     12.00
    0.80     30.00      5.00     12.00
    0.80     30.00      5.50     12.00
    0.80     30.00      6.00     12.00
    0.80     30.00      6.50     12.00
    0.80     30.00      7.00     12.00
    0.80     30.00      7.50     12.00
    0.80     30.00      8.00     12.00
    0.80     30.00      8.50     12.00
    0.80     30.00      9.00     12.00
    0.80     30.00      9.50     12.00
    0.80     30.00     10.00     12.00
    0.80     30.00     12.00     12.00
    0.80     30.00     14.00     12.00
    0.80     30.00     16.00     12.00
    0.80     30.00     18.00     12.00
    0.80     30.00     20.00     12.00
    0.80     30.00     25.00     12.00
    0.80     30.00     30.00     12.00
    0.80     30.00     35.00     12.00
    0.80     30.00     40.00     12.00
    0.80     30.00     45.00     12.00
    0.80     30.00     50.00     12.00
    1.00     30.00      0.01     12.00
    1.00     30.00      0.03     12.00
    1.00     30.00      0.05     12.00
    1.00     30.00      0.10     12.00
    1.00     30.00      0.20     12.00
    1.00     30.00      0.40     12.00
    1.00     30.00      0.60     12.00
    1.00     30.00      0.80     12.00
    1.00     30.00      1.00     12.00
    1.00     30.00      1.20     12.00
    1.00     30.00      1.40     12.00
    1.00     30.00      1.60     12.00
    1.00     30.00      1.80     12.00
    1.00     30.00      2.00     12.00
    1.00     30.00      2.50     12.00
    1.00     30.00      3.00     12.00
    1.00     30.00      3.50     12.00
    1.00     30.00      4.00     12.00
    1.00     30.00      4.50     12.00
    1.00     30.00      5.00     12.00
    1.00     30.00      5.50     12.00
    1.00     30.00      6.00     12.00
    1.00     30.00      6.50     12.00
    1.00     30.00      7.00     12.00
    1.00     30.00      7.50     12.00
    1.00     30.00      8.00     12.00
    1.00     30.00      8.50     12.00
    1.00     30.00      9.00     12.00
    1.00     30.00      9.50     12.00
    1.00     30.00     10.00     12.00
    1.00     30.00     12.00     12.00
    1.00     30.00     14.00     12.00
    1.00     30.00     16.00     12.00
    1.00     30.00     18.00     12.00
    1.00     30.00     20.00     12.00
    1.00     30.00     25.00     12.00
    1.00     30.00     30.00     12.00
    1.00     30.00     35.00     12.00
    1.00     30.00     40.00     12.00
    1.00     30.00     45.00     12.00
    1.00     30.00     50.00     12.00
    1.20     30.00      0.01     12.00
    1.20     30.00      0.03     12.00
    1.20     30.00      0.05     12.00
    1.20     30.00      0.10     12.00
    1.20     30.00      0.20     12.00
    1.20     30.00      0.40     12.00
    1.20     30.00      0.60     12.00
    1.20     30.00      0.80     12.00
    1.20     30.00      1.00     12.00
    1.20     30.00      1.20     12.00
    1.20     30.00      1.40     12.00
    1.20     30.00      1.60     12.00
    1.20     30.00      1.80     12.00
    1.20     30.00      2.00     12.00
    1.20     30.00      2.50     12.00
    1.20     30.00      3.00     12.00
    1.20     30.00      3.50     12.00
    1.20     30.00      4.00     12.00
    1.20     30.00      4.50     12.00
    1.20     30.00      5.00     12.00
    1.20     30.00      5.50     12.00
    1.20     30.00      6.00     12.00
    1.20     30.00      6.50     12.00
    1.20     30.00      7.00     12.00
    1.20     30.00      7.50     12.00
    1.20     30.00      8.00     12.00
    1.20     30.00      8.50     12.00
    1.20     30.00      9.00     12.00
    1.20     30.00      9.50     12.00
    1.20     30.00     10.00     12.00
    1.20     30.00     12.00     12.00
    1.20     30.00     14.00     12.00
    1.20     30.00     16.00     12.00
    1.20     30.00     18.00     12.00
    1.20     30.00     20.00     12.00
    1.20     30.00     25.00     12.00
    1.20     30.00     30.00     12.00
    1.20     30.00     35.00     12.00
    1.20     30.00     40.00     12.00
    1.20     30.00     45.00     12.00
    1.20     30.00     50.00     12.00
    1.40     30.00      0.01     12.00
    1.40     30.00      0.03     12.00
    1.40     30.00      0.05     12.00
    1.40     30.00      0.10     12.00
    1.40     30.00      0.20     12.00
    1.40     30.00      0.40     12.00
    1.40     30.00      0.60     12.00
    1.40     30.00      0.80     12.00
    1.40     30.00      1.00     12.00
    1.40     30.00      1.20     12.00
    1.40     30.00      1.40     12.00
    1.40     30.00      1.60     12.00
    1.40     30.00      1.80     12.00
    1.40     30.00      2.00     12.00
    1.40     30.00      2.50     12.00
    1.40     30.00      3.00     12.00
    1.40     30.00      3.50     12.00
    1.40     30.00      4.00     12.00
    1.40     30.00      4.50     12.00
    1.40     30.00      5.00     12.00
    1.40     30.00      5.50     12.00
    1.40     30.00      6.00     12.00
    1.40     30.00      6.50     12.00
    1.40     30.00      7.00     12.00
    1.40     30.00      7.50     12.00
    1.40     30.00      8.00     12.00
    1.40     30.00      8.50     12.00
    1.40     30.00      9.00     12.00
    1.40     30.00      9.50     12.00
    1.40     30.00     10.00     12.00
    1.40     30.00     12.00     12.00
    1.40     30.00     14.00     12.00
    1.40     30.00     16.00     12.00
    1.40     30.00     18.00     12.00
    1.40     30.00     20.00     12.00
    1.40     30.00     25.00     12.00
    1.40     30.00     30.00     12.00
    1.40     30.00     35.00     12.00
    1.40     30.00     40.00     12.00
    1.40     30.00     45.00     12.00
    1.40     30.00     50.00     12.00
    1.60     30.00      0.01     12.00
    1.60     30.00      0.03     12.00
    1.60     30.00      0.05     12.00
    1.60     30.00      0.10     12.00
    1.60     30.00      0.20     12.00
    1.60     30.00      0.40     12.00
    1.60     30.00      0.60     12.00
    1.60     30.00      0.80     12.00
    1.60     30.00      1.00     12.00
    1.60     30.00      1.20     12.00
    1.60     30.00      1.40     12.00
    1.60     30.00      1.60     12.00
    1.60     30.00      1.80     12.00
    1.60     30.00      2.00     12.00
    1.60     30.00      2.50     12.00
    1.60     30.00      3.00     12.00
    1.60     30.00      3.50     12.00
    1.60     30.00      4.00     12.00
    1.60     30.00      4.50     12.00
    1.60     30.00      5.00     12.00
    1.60     30.00      5.50     12.00
    1.60     30.00      6.00     12.00
    1.60     30.00      6.50     12.00
    1.60     30.00      7.00     12.00
    1.60     30.00      7.50     12.00
    1.60     30.00      8.00     12.00
    1.60     30.00      8.50     12.00
    1.60     30.00      9.00     12.00
    1.60     30.00      9.50     12.00
    1.60     30.00     10.00     12.00
    1.60     30.00     12.00     12.00
    1.60     30.00     14.00     12.00
    1.60     30.00     16.00     12.00
    1.60     30.00     18.00     12.00
    1.60     30.00     20.00     12.00
    1.60     30.00     25.00     12.00
    1.60     30.00     30.00     12.00
    1.60     30.00     35.00     12.00
    1.60     30.00     40.00     12.00
    1.60     30.00     45.00     12.00
    1.60     30.00     50.00     12.00
    1.80     30.00      0.01     12.00
    1.80     30.00      0.03     12.00
    1.80     30.00      0.05     12.00
    1.80     30.00      0.10     12.00
    1.80     30.00      0.20     12.00
    1.80     30.00      0.40     12.00
    1.80     30.00      0.60     12.00
    1.80     30.00      0.80     12.00
    1.80     30.00      1.00     12.00
    1.80     30.00      1.20     12.00
    1.80     30.00      1.40     12.00
    1.80     30.00      1.60     12.00
    1.80     30.00      1.80     12.00
    1.80     30.00      2.00     12.00
    1.80     30.00      2.50     12.00
    1.80     30.00      3.00     12.00
    1.80     30.00      3.50     12.00
    1.80     30.00      4.00     12.00
    1.80     30.00      4.50     12.00
    1.80     30.00      5.00     12.00
    1.80     30.00      5.50     12.00
    1.80     30.00      6.00     12.00
    1.80     30.00      6.50     12.00
    1.80     30.00      7.00     12.00
    1.80     30.00      7.50     12.00
    1.80     30.00      8.00     12.00
    1.80     30.00      8.50     12.00
    1.80     30.00      9.00     12.00
    1.80     30.00      9.50     12.00
    1.80     30.00     10.00     12.00
    1.80     30.00     12.00     12.00
    1.80     30.00     14.00     12.00
    1.80     30.00     16.00     12.00
    1.80     30.00     18.00     12.00
    1.80     30.00     20.00     12.00
    1.80     30.00     25.00     12.00
    1.80     30.00     30.00     12.00
    1.80     30.00     35.00     12.00
    1.80     30.00     40.00     12.00
    1.80     30.00     45.00     12.00
    1.80     30.00     50.00     12.00
    2.00     30.00      0.01     12.00
    2.00     30.00      0.03     12.00
    2.00     30.00      0.05     12.00
    2.00     30.00      0.10     12.00
    2.00     30.00      0.20     12.00
    2.00     30.00      0.40     12.00
    2.00     30.00      0.60     12.00
    2.00     30.00      0.80     12.00
    2.00     30.00      1.00     12.00
    2.00     30.00      1.20     12.00
    2.00     30.00      1.40     12.00
    2.00     30.00      1.60     12.00
    2.00     30.00      1.80     12.00
    2.00     30.00      2.00     12.00
    2.00     30.00      2.50     12.00
    2.00     30.00      3.00     12.00
    2.00     30.00      3.50     12.00
    2.00     30.00      4.00     12.00
    2.00     30.00      4.50     12.00
    2.00     30.00      5.00     12.00
    2.00     30.00      5.50     12.00
    2.00     30.00      6.00     12.00
    2.00     30.00      6.50     12.00
    2.00     30.00      7.00     12.00
    2.00     30.00      7.50     12.00
    2.00     30.00      8.00     12.00
    2.00     30.00      8.50     12.00
    2.00     30.00      9.00     12.00
    2.00     30.00      9.50     12.00
    2.00     30.00     10.00     12.00
    2.00     30.00     12.00     12.00
    2.00     30.00     14.00     12.00
    2.00     30.00     16.00     12.00
    2.00     30.00     18.00     12.00
    2.00     30.00     20.00     12.00
    2.00     30.00     25.00     12.00
    2.00     30.00     30.00     12.00
    2.00     30.00     35.00     12.00
    2.00     30.00     40.00     12.00
    2.00     30.00     45.00     12.00
    2.00     30.00     50.00     12.00
    2.50     30.00      0.01     12.00
    2.50     30.00      0.03     12.00
    2.50     30.00      0.05     12.00
    2.50     30.00      0.10     12.00
    2.50     30.00      0.20     12.00
    2.50     30.00      0.40     12.00
    2.50     30.00      0.60     12.00
    2.50     30.00      0.80     12.00
    2.50     30.00      1.00     12.00
    2.50     30.00      1.20     12.00
    2.50     30.00      1.40     12.00
    2.50     30.00      1.60     12.00
    2.50     30.00      1.80     12.00
    2.50     30.00      2.00     12.00
    2.50     30.00      2.50     12.00
    2.50     30.00      3.00     12.00
    2.50     30.00      3.50     12.00
    2.50     30.00      4.00     12.00
    2.50     30.00      4.50     12.00
    2.50     30.00      5.00     12.00
    2.50     30.00      5.50     12.00
    2.50     30.00      6.00     12.00
    2.50     30.00      6.50     12.00
    2.50     30.00      7.00     12.00
    2.50     30.00      7.50     12.00
    2.50     30.00      8.00     12.00
    2.50     30.00      8.50     12.00
    2.50     30.00      9.00     12.00
    2.50     30.00      9.50     12.00
    2.50     30.00     10.00     12.00
    2.50     30.00     12.00     12.00
    2.50     30.00     14.00     12.00
    2.50     30.00     16.00     12.00
    2.50     30.00     18.00     12.00
    2.50     30.00     20.00     12.00
    2.50     30.00     25.00     12.00
    2.50     30.00     30.00     12.00
    2.50     30.00     35.00     12.00
    2.50     30.00     40.00     12.00
    2.50     30.00     45.00     12.00
    2.50     30.00     50.00     12.00
    3.00     30.00      0.01     12.00
    3.00     30.00      0.03     12.00
    3.00     30.00      0.05     12.00
    3.00     30.00      0.10     12.00
    3.00     30.00      0.20     12.00
    3.00     30.00      0.40     12.00
    3.00     30.00      0.60     12.00
    3.00     30.00      0.80     12.00
    3.00     30.00      1.00     12.00
    3.00     30.00      1.20     12.00
    3.00     30.00      1.40     12.00
    3.00     30.00      1.60     12.00
    3.00     30.00      1.80     12.00
    3.00     30.00      2.00     12.00
    3.00     30.00      2.50     12.00
    3.00     30.00      3.00     12.00
    3.00     30.00      3.50     12.00
    3.00     30.00      4.00     12.00
    3.00     30.00      4.50     12.00
    3.00     30.00      5.00     12.00
    3.00     30.00      5.50     12.00
    3.00     30.00      6.00     12.00
    3.00     30.00      6.50     12.00
    3.00     30.00      7.00     12.00
    3.00     30.00      7.50     12.00
    3.00     30.00      8.00     12.00
    3.00     30.00      8.50     12.00
    3.00     30.00      9.00     12.00
    3.00     30.00      9.50     12.00
    3.00     30.00     10.00     12.00
    3.00     30.00     12.00     12.00
    3.00     30.00     14.00     12.00
    3.00     30.00     16.00     12.00
    3.00     30.00     18.00     12.00
    3.00     30.00     20.00     12.00
    3.00     30.00     25.00     12.00
    3.00     30.00     30.00     12.00
    3.00     30.00     35.00     12.00
    3.00     30.00     40.00     12.00
    3.00     30.00     45.00     12.00
    3.00     30.00     50.00     12.00
    3.50     30.00      0.01     12.00
    3.50     30.00      0.03     12.00
    3.50     30.00      0.05     12.00
    3.50     30.00      0.10     12.00
    3.50     30.00      0.20     12.00
    3.50     30.00      0.40     12.00
    3.50     30.00      0.60     12.00
    3.50     30.00      0.80     12.00
    3.50     30.00      1.00     12.00
    3.50     30.00      1.20     12.00
    3.50     30.00      1.40     12.00
    3.50     30.00      1.60     12.00
    3.50     30.00      1.80     12.00
    3.50     30.00      2.00     12.00
    3.50     30.00      2.50     12.00
    3.50     30.00      3.00     12.00
    3.50     30.00      3.50     12.00
    3.50     30.00      4.00     12.00
    3.50     30.00      4.50     12.00
    3.50     30.00      5.00     12.00
    3.50     30.00      5.50     12.00
    3.50     30.00      6.00     12.00
    3.50     30.00      6.50     12.00
    3.50     30.00      7.00     12.00
    3.50     30.00      7.50     12.00
    3.50     30.00      8.00     12.00
    3.50     30.00      8.50     12.00
    3.50     30.00      9.00     12.00
    3.50     30.00      9.50     12.00
    3.50     30.00     10.00     12.00
    3.50     30.00     12.00     12.00
    3.50     30.00     14.00     12.00
    3.50     30.00     16.00     12.00
    3.50     30.00     18.00     12.00
    3.50     30.00     20.00     12.00
    3.50     30.00     25.00     12.00
    3.50     30.00     30.00     12.00
    3.50     30.00     35.00     12.00
    3.50     30.00     40.00     12.00
    3.50     30.00     45.00     12.00
    3.50     30.00     50.00     12.00
    4.00     30.00      0.01     12.00
    4.00     30.00      0.03     12.00
    4.00     30.00      0.05     12.00
    4.00     30.00      0.10     12.00
    4.00     30.00      0.20     12.00
    4.00     30.00      0.40     12.00
    4.00     30.00      0.60     12.00
    4.00     30.00      0.80     12.00
    4.00     30.00      1.00     12.00
    4.00     30.00      1.20     12.00
    4.00     30.00      1.40     12.00
    4.00     30.00      1.60     12.00
    4.00     30.00      1.80     12.00
    4.00     30.00      2.00     12.00
    4.00     30.00      2.50     12.00
    4.00     30.00      3.00     12.00
    4.00     30.00      3.50     12.00
    4.00     30.00      4.00     12.00
    4.00     30.00      4.50     12.00
    4.00     30.00      5.00     12.00
    4.00     30.00      5.50     12.00
    4.00     30.00      6.00     12.00
    4.00     30.00      6.50     12.00
    4.00     30.00      7.00     12.00
    4.00     30.00      7.50     12.00
    4.00     30.00      8.00     12.00
    4.00     30.00      8.50     12.00
    4.00     30.00      9.00     12.00
    4.00     30.00      9.50     12.00
    4.00     30.00     10.00     12.00
    4.00     30.00     12.00     12.00
    4.00     30.00     14.00     12.00
    4.00     30.00     16.00     12.00
    4.00     30.00     18.00     12.00
    4.00     30.00     20.00     12.00
    4.00     30.00     25.00     12.00
    4.00     30.00     30.00     12.00
    4.00     30.00     35.00     12.00
    4.00     30.00     40.00     12.00
    4.00     30.00     45.00     12.00
    4.00     30.00     50.00     12.00
    4.50     30.00      0.01     12.00
    4.50     30.00      0.03     12.00
    4.50     30.00      0.05     12.00
    4.50     30.00      0.10     12.00
    4.50     30.00      0.20     12.00
    4.50     30.00      0.40     12.00
    4.50     30.00      0.60     12.00
    4.50     30.00      0.80     12.00
    4.50     30.00      1.00     12.00
    4.50     30.00      1.20     12.00
    4.50     30.00      1.40     12.00
    4.50     30.00      1.60     12.00
    4.50     30.00      1.80     12.00
    4.50     30.00      2.00     12.00
    4.50     30.00      2.50     12.00
    4.50     30.00      3.00     12.00
    4.50     30.00      3.50     12.00
    4.50     30.00      4.00     12.00
    4.50     30.00      4.50     12.00
    4.50     30.00      5.00     12.00
    4.50     30.00      5.50     12.00
    4.50     30.00      6.00     12.00
    4.50     30.00      6.50     12.00
    4.50     30.00      7.00     12.00
    4.50     30.00      7.50     12.00
    4.50     30.00      8.00     12.00
    4.50     30.00      8.50     12.00
    4.50     30.00      9.00     12.00
    4.50     30.00      9.50     12.00
    4.50     30.00     10.00     12.00
    4.50     30.00     12.00     12.00
    4.50     30.00     14.00     12.00
    4.50     30.00     16.00     12.00
    4.50     30.00     18.00     12.00
    4.50     30.00     20.00     12.00
    4.50     30.00     25.00     12.00
    4.50     30.00     30.00     12.00
    4.50     30.00     35.00     12.00
    4.50     30.00     40.00     12.00
    4.50     30.00     45.00     12.00
    4.50     30.00     50.00     12.00
    5.00     30.00      0.01     12.00
    5.00     30.00      0.03     12.00
    5.00     30.00      0.05     12.00
    5.00     30.00      0.10     12.00
    5.00     30.00      0.20     12.00
    5.00     30.00      0.40     12.00
    5.00     30.00      0.60     12.00
    5.00     30.00      0.80     12.00
    5.00     30.00      1.00     12.00
    5.00     30.00      1.20     12.00
    5.00     30.00      1.40     12.00
    5.00     30.00      1.60     12.00
    5.00     30.00      1.80     12.00
    5.00     30.00      2.00     12.00
    5.00     30.00      2.50     12.00
    5.00     30.00      3.00     12.00
    5.00     30.00      3.50     12.00
    5.00     30.00      4.00     12.00
    5.00     30.00      4.50     12.00
    5.00     30.00      5.00     12.00
    5.00     30.00      5.50     12.00
    5.00     30.00      6.00     12.00
    5.00     30.00      6.50     12.00
    5.00     30.00      7.00     12.00
    5.00     30.00      7.50     12.00
    5.00     30.00      8.00     12.00
    5.00     30.00      8.50     12.00
    5.00     30.00      9.00     12.00
    5.00     30.00      9.50     12.00
    5.00     30.00     10.00     12.00
    5.00     30.00     12.00     12.00
    5.00     30.00     14.00     12.00
    5.00     30.00     16.00     12.00
    5.00     30.00     18.00     12.00
    5.00     30.00     20.00     12.00
    5.00     30.00     25.00     12.00
    5.00     30.00     30.00     12.00
    5.00     30.00     35.00     12.00
    5.00     30.00     40.00     12.00
    5.00     30.00     45.00     12.00
    5.00     30.00     50.00     12.00
    5.50     30.00      0.01     12.00
    5.50     30.00      0.03     12.00
    5.50     30.00      0.05     12.00
    5.50     30.00      0.10     12.00
    5.50     30.00      0.20     12.00
    5.50     30.00      0.40     12.00
    5.50     30.00      0.60     12.00
    5.50     30.00      0.80     12.00
    5.50     30.00      1.00     12.00
    5.50     30.00      1.20     12.00
    5.50     30.00      1.40     12.00
    5.50     30.00      1.60     12.00
    5.50     30.00      1.80     12.00
    5.50     30.00      2.00     12.00
    5.50     30.00      2.50     12.00
    5.50     30.00      3.00     12.00
    5.50     30.00      3.50     12.00
    5.50     30.00      4.00     12.00
    5.50     30.00      4.50     12.00
    5.50     30.00      5.00     12.00
    5.50     30.00      5.50     12.00
    5.50     30.00      6.00     12.00
    5.50     30.00      6.50     12.00
    5.50     30.00      7.00     12.00
    5.50     30.00      7.50     12.00
    5.50     30.00      8.00     12.00
    5.50     30.00      8.50     12.00
    5.50     30.00      9.00     12.00
    5.50     30.00      9.50     12.00
    5.50     30.00     10.00     12.00
    5.50     30.00     12.00     12.00
    5.50     30.00     14.00     12.00
    5.50     30.00     16.00     12.00
    5.50     30.00     18.00     12.00
    5.50     30.00     20.00     12.00
    5.50     30.00     25.00     12.00
    5.50     30.00     30.00     12.00
    5.50     30.00     35.00     12.00
    5.50     30.00     40.00     12.00
    5.50     30.00     45.00     12.00
    5.50     30.00     50.00     12.00
    6.00     30.00      0.01     12.00
    6.00     30.00      0.03     12.00
    6.00     30.00      0.05     12.00
    6.00     30.00      0.10     12.00
    6.00     30.00      0.20     12.00
    6.00     30.00      0.40     12.00
    6.00     30.00      0.60     12.00
    6.00     30.00      0.80     12.00
    6.00     30.00      1.00     12.00
    6.00     30.00      1.20     12.00
    6.00     30.00      1.40     12.00
    6.00     30.00      1.60     12.00
    6.00     30.00      1.80     12.00
    6.00     30.00      2.00     12.00
    6.00     30.00      2.50     12.00
    6.00     30.00      3.00     12.00
    6.00     30.00      3.50     12.00
    6.00     30.00      4.00     12.00
    6.00     30.00      4.50     12.00
    6.00     30.00      5.00     12.00
    6.00     30.00      5.50     12.00
    6.00     30.00      6.00     12.00
    6.00     30.00      6.50     12.00
    6.00     30.00      7.00     12.00
    6.00     30.00      7.50     12.00
    6.00     30.00      8.00     12.00
    6.00     30.00      8.50     12.00
    6.00     30.00      9.00     12.00
    6.00     30.00      9.50     12.00
    6.00     30.00     10.00     12.00
    6.00     30.00     12.00     12.00
    6.00     30.00     14.00     12.00
    6.00     30.00     16.00     12.00
    6.00     30.00     18.00     12.00
    6.00     30.00     20.00     12.00
    6.00     30.00     25.00     12.00
    6.00     30.00     30.00     12.00
    6.00     30.00     35.00     12.00
    6.00     30.00     40.00     12.00
    6.00     30.00     45.00     12.00
    6.00     30.00     50.00     12.00
    6.50     30.00      0.01     12.00
    6.50     30.00      0.03     12.00
    6.50     30.00      0.05     12.00
    6.50     30.00      0.10     12.00
    6.50     30.00      0.20     12.00
    6.50     30.00      0.40     12.00
    6.50     30.00      0.60     12.00
    6.50     30.00      0.80     12.00
    6.50     30.00      1.00     12.00
    6.50     30.00      1.20     12.00
    6.50     30.00      1.40     12.00
    6.50     30.00      1.60     12.00
    6.50     30.00      1.80     12.00
    6.50     30.00      2.00     12.00
    6.50     30.00      2.50     12.00
    6.50     30.00      3.00     12.00
    6.50     30.00      3.50     12.00
    6.50     30.00      4.00     12.00
    6.50     30.00      4.50     12.00
    6.50     30.00      5.00     12.00
    6.50     30.00      5.50     12.00
    6.50     30.00      6.00     12.00
    6.50     30.00      6.50     12.00
    6.50     30.00      7.00     12.00
    6.50     30.00      7.50     12.00
    6.50     30.00      8.00     12.00
    6.50     30.00      8.50     12.00
    6.50     30.00      9.00     12.00
    6.50     30.00      9.50     12.00
    6.50     30.00     10.00     12.00
    6.50     30.00     12.00     12.00
    6.50     30.00     14.00     12.00
    6.50     30.00     16.00     12.00
    6.50     30.00     18.00     12.00
    6.50     30.00     20.00     12.00
    6.50     30.00     25.00     12.00
    6.50     30.00     30.00     12.00
    6.50     30.00     35.00     12.00
    6.50     30.00     40.00     12.00
    6.50     30.00     45.00     12.00
    6.50     30.00     50.00     12.00
    7.00     30.00      0.01     12.00
    7.00     30.00      0.03     12.00
    7.00     30.00      0.05     12.00
    7.00     30.00      0.10     12.00
    7.00     30.00      0.20     12.00
    7.00     30.00      0.40     12.00
    7.00     30.00      0.60     12.00
    7.00     30.00      0.80     12.00
    7.00     30.00      1.00     12.00
    7.00     30.00      1.20     12.00
    7.00     30.00      1.40     12.00
    7.00     30.00      1.60     12.00
    7.00     30.00      1.80     12.00
    7.00     30.00      2.00     12.00
    7.00     30.00      2.50     12.00
    7.00     30.00      3.00     12.00
    7.00     30.00      3.50     12.00
    7.00     30.00      4.00     12.00
    7.00     30.00      4.50     12.00
    7.00     30.00      5.00     12.00
    7.00     30.00      5.50     12.00
    7.00     30.00      6.00     12.00
    7.00     30.00      6.50     12.00
    7.00     30.00      7.00     12.00
    7.00     30.00      7.50     12.00
    7.00     30.00      8.00     12.00
    7.00     30.00      8.50     12.00
    7.00     30.00      9.00     12.00
    7.00     30.00      9.50     12.00
    7.00     30.00     10.00     12.00
    7.00     30.00     12.00     12.00
    7.00     30.00     14.00     12.00
    7.00     30.00     16.00     12.00
    7.00     30.00     18.00     12.00
    7.00     30.00     20.00     12.00
    7.00     30.00     25.00     12.00
    7.00     30.00     30.00     12.00
    7.00     30.00     35.00     12.00
    7.00     30.00     40.00     12.00
    7.00     30.00     45.00     12.00
    7.00     30.00     50.00     12.00
    7.50     30.00      0.01     12.00
    7.50     30.00      0.03     12.00
    7.50     30.00      0.05     12.00
    7.50     30.00      0.10     12.00
    7.50     30.00      0.20     12.00
    7.50     30.00      0.40     12.00
    7.50     30.00      0.60     12.00
    7.50     30.00      0.80     12.00
    7.50     30.00      1.00     12.00
    7.50     30.00      1.20     12.00
    7.50     30.00      1.40     12.00
    7.50     30.00      1.60     12.00
    7.50     30.00      1.80     12.00
    7.50     30.00      2.00     12.00
    7.50     30.00      2.50     12.00
    7.50     30.00      3.00     12.00
    7.50     30.00      3.50     12.00
    7.50     30.00      4.00     12.00
    7.50     30.00      4.50     12.00
    7.50     30.00      5.00     12.00
    7.50     30.00      5.50     12.00
    7.50     30.00      6.00     12.00
    7.50     30.00      6.50     12.00
    7.50     30.00      7.00     12.00
    7.50     30.00      7.50     12.00
    7.50     30.00      8.00     12.00
    7.50     30.00      8.50     12.00
    7.50     30.00      9.00     12.00
    7.50     30.00      9.50     12.00
    7.50     30.00     10.00     12.00
    7.50     30.00     12.00     12.00
    7.50     30.00     14.00     12.00
    7.50     30.00     16.00     12.00
    7.50     30.00     18.00     12.00
    7.50     30.00     20.00     12.00
    7.50     30.00     25.00     12.00
    7.50     30.00     30.00     12.00
    7.50     30.00     35.00     12.00
    7.50     30.00     40.00     12.00
    7.50     30.00     45.00     12.00
    7.50     30.00     50.00     12.00
    8.00     30.00      0.01     12.00
    8.00     30.00      0.03     12.00
    8.00     30.00      0.05     12.00
    8.00     30.00      0.10     12.00
    8.00     30.00      0.20     12.00
    8.00     30.00      0.40     12.00
    8.00     30.00      0.60     12.00
    8.00     30.00      0.80     12.00
    8.00     30.00      1.00     12.00
    8.00     30.00      1.20     12.00
    8.00     30.00      1.40     12.00
    8.00     30.00      1.60     12.00
    8.00     30.00      1.80     12.00
    8.00     30.00      2.00     12.00
    8.00     30.00      2.50     12.00
    8.00     30.00      3.00     12.00
    8.00     30.00      3.50     12.00
    8.00     30.00      4.00     12.00
    8.00     30.00      4.50     12.00
    8.00     30.00      5.00     12.00
    8.00     30.00      5.50     12.00
    8.00     30.00      6.00     12.00
    8.00     30.00      6.50     12.00
    8.00     30.00      7.00     12.00
    8.00     30.00      7.50     12.00
    8.00     30.00      8.00     12.00
    8.00     30.00      8.50     12.00
    8.00     30.00      9.00     12.00
    8.00     30.00      9.50     12.00
    8.00     30.00     10.00     12.00
    8.00     30.00     12.00     12.00
    8.00     30.00     14.00     12.00
    8.00     30.00     16.00     12.00
    8.00     30.00     18.00     12.00
    8.00     30.00     20.00     12.00
    8.00     30.00     25.00     12.00
    8.00     30.00     30.00     12.00
    8.00     30.00     35.00     12.00
    8.00     30.00     40.00     12.00
    8.00     30.00     45.00     12.00
    8.00     30.00     50.00     12.00
    8.50     30.00      0.01     12.00
    8.50     30.00      0.03     12.00
    8.50     30.00      0.05     12.00
    8.50     30.00      0.10     12.00
    8.50     30.00      0.20     12.00
    8.50     30.00      0.40     12.00
    8.50     30.00      0.60     12.00
    8.50     30.00      0.80     12.00
    8.50     30.00      1.00     12.00
    8.50     30.00      1.20     12.00
    8.50     30.00      1.40     12.00
    8.50     30.00      1.60     12.00
    8.50     30.00      1.80     12.00
    8.50     30.00      2.00     12.00
    8.50     30.00      2.50     12.00
    8.50     30.00      3.00     12.00
    8.50     30.00      3.50     12.00
    8.50     30.00      4.00     12.00
    8.50     30.00      4.50     12.00
    8.50     30.00      5.00     12.00
    8.50     30.00      5.50     12.00
    8.50     30.00      6.00     12.00
    8.50     30.00      6.50     12.00
    8.50     30.00      7.00     12.00
    8.50     30.00      7.50     12.00
    8.50     30.00      8.00     12.00
    8.50     30.00      8.50     12.00
    8.50     30.00      9.00     12.00
    8.50     30.00      9.50     12.00
    8.50     30.00     10.00     12.00
    8.50     30.00     12.00     12.00
    8.50     30.00     14.00     12.00
    8.50     30.00     16.00     12.00
    8.50     30.00     18.00     12.00
    8.50     30.00     20.00     12.00
    8.50     30.00     25.00     12.00
    8.50     30.00     30.00     12.00
    8.50     30.00     35.00     12.00
    8.50     30.00     40.00     12.00
    8.50     30.00     45.00     12.00
    8.50     30.00     50.00     12.00
    9.00     30.00      0.01     12.00
    9.00     30.00      0.03     12.00
    9.00     30.00      0.05     12.00
    9.00     30.00      0.10     12.00
    9.00     30.00      0.20     12.00
    9.00     30.00      0.40     12.00
    9.00     30.00      0.60     12.00
    9.00     30.00      0.80     12.00
    9.00     30.00      1.00     12.00
    9.00     30.00      1.20     12.00
    9.00     30.00      1.40     12.00
    9.00     30.00      1.60     12.00
    9.00     30.00      1.80     12.00
    9.00     30.00      2.00     12.00
    9.00     30.00      2.50     12.00
    9.00     30.00      3.00     12.00
    9.00     30.00      3.50     12.00
    9.00     30.00      4.00     12.00
    9.00     30.00      4.50     12.00
    9.00     30.00      5.00     12.00
    9.00     30.00      5.50     12.00
    9.00     30.00      6.00     12.00
    9.00     30.00      6.50     12.00
    9.00     30.00      7.00     12.00
    9.00     30.00      7.50     12.00
    9.00     30.00      8.00     12.00
    9.00     30.00      8.50     12.00
    9.00     30.00      9.00     12.00
    9.00     30.00      9.50     12.00
    9.00     30.00     10.00     12.00
    9.00     30.00     12.00     12.00
    9.00     30.00     14.00     12.00
    9.00     30.00     16.00     12.00
    9.00     30.00     18.00     12.00
    9.00     30.00     20.00     12.00
    9.00     30.00     25.00     12.00
    9.00     30.00     30.00     12.00
    9.00     30.00     35.00     12.00
    9.00     30.00     40.00     12.00
    9.00     30.00     45.00     12.00
    9.00     30.00     50.00     12.00
    9.50     30.00      0.01     12.00
    9.50     30.00      0.03     12.00
    9.50     30.00      0.05     12.00
    9.50     30.00      0.10     12.00
    9.50     30.00      0.20     12.00
    9.50     30.00      0.40     12.00
    9.50     30.00      0.60     12.00
    9.50     30.00      0.80     12.00
    9.50     30.00      1.00     12.00
    9.50     30.00      1.20     12.00
    9.50     30.00      1.40     12.00
    9.50     30.00      1.60     12.00
    9.50     30.00      1.80     12.00
    9.50     30.00      2.00     12.00
    9.50     30.00      2.50     12.00
    9.50     30.00      3.00     12.00
    9.50     30.00      3.50     12.00
    9.50     30.00      4.00     12.00
    9.50     30.00      4.50     12.00
    9.50     30.00      5.00     12.00
    9.50     30.00      5.50     12.00
    9.50     30.00      6.00     12.00
    9.50     30.00      6.50     12.00
    9.50     30.00      7.00     12.00
    9.50     30.00      7.50     12.00
    9.50     30.00      8.00     12.00
    9.50     30.00      8.50     12.00
    9.50     30.00      9.00     12.00
    9.50     30.00      9.50     12.00
    9.50     30.00     10.00     12.00
    9.50     30.00     12.00     12.00
    9.50     30.00     14.00     12.00
    9.50     30.00     16.00     12.00
    9.50     30.00     18.00     12.00
    9.50     30.00     20.00     12.00
    9.50     30.00     25.00     12.00
    9.50     30.00     30.00     12.00
    9.50     30.00     35.00     12.00
    9.50     30.00     40.00     12.00
    9.50     30.00     45.00     12.00
    9.50     30.00     50.00     12.00
   10.00     30.00      0.01     12.00
   10.00     30.00      0.03     12.00
   10.00     30.00      0.05     12.00
   10.00     30.00      0.10     12.00
   10.00     30.00      0.20     12.00
   10.00     30.00      0.40     12.00
   10.00     30.00      0.60     12.00
   10.00     30.00      0.80     12.00
   10.00     30.00      1.00     12.00
   10.00     30.00      1.20     12.00
   10.00     30.00      1.40     12.00
   10.00     30.00      1.60     12.00
   10.00     30.00      1.80     12.00
   10.00     30.00      2.00     12.00
   10.00     30.00      2.50     12.00
   10.00     30.00      3.00     12.00
   10.00     30.00      3.50     12.00
   10.00     30.00      4.00     12.00
   10.00     30.00      4.50     12.00
   10.00     30.00      5.00     12.00
   10.00     30.00      5.50     12.00
   10.00     30.00      6.00     12.00
   10.00     30.00      6.50     12.00
   10.00     30.00      7.00     12.00
   10.00     30.00      7.50     12.00
   10.00     30.00      8.00     12.00
   10.00     30.00      8.50     12.00
   10.00     30.00      9.00     12.00
   10.00     30.00      9.50     12.00
   10.00     30.00     10.00     12.00
   10.00     30.00     12.00     12.00
   10.00     30.00     14.00     12.00
   10.00     30.00     16.00     12.00
   10.00     30.00     18.00     12.00
   10.00     30.00     20.00     12.00
   10.00     30.00     25.00     12.00
   10.00     30.00     30.00     12.00
   10.00     30.00     35.00     12.00
   10.00     30.00     40.00     12.00
   10.00     30.00     45.00     12.00
   10.00     30.00     50.00     12.00
   12.00     30.00      0.01     12.00
   12.00     30.00      0.03     12.00
   12.00     30.00      0.05     12.00
   12.00     30.00      0.10     12.00
   12.00     30.00      0.20     12.00
   12.00     30.00      0.40     12.00
   12.00     30.00      0.60     12.00
   12.00     30.00      0.80     12.00
   12.00     30.00      1.00     12.00
   12.00     30.00      1.20     12.00
   12.00     30.00      1.40     12.00
   12.00     30.00      1.60     12.00
   12.00     30.00      1.80     12.00
   12.00     30.00      2.00     12.00
   12.00     30.00      2.50     12.00
   12.00     30.00      3.00     12.00
   12.00     30.00      3.50     12.00
   12.00     30.00      4.00     12.00
   12.00     30.00      4.50     12.00
   12.00     30.00      5.00     12.00
   12.00     30.00      5.50     12.00
   12.00     30.00      6.00     12.00
   12.00     30.00      6.50     12.00
   12.00     30.00      7.00     12.00
   12.00     30.00      7.50     12.00
   12.00     30.00      8.00     12.00
   12.00     30.00      8.50     12.00
   12.00     30.00      9.00     12.00
   12.00     30.00      9.50     12.00
   12.00     30.00     10.00     12.00
   12.00     30.00     12.00     12.00
   12.00     30.00     14.00     12.00
   12.00     30.00     16.00     12.00
   12.00     30.00     18.00     12.00
   12.00     30.00     20.00     12.00
   12.00     30.00     25.00     12.00
   12.00     30.00     30.00     12.00
   12.00     30.00     35.00     12.00
   12.00     30.00     40.00     12.00
   12.00     30.00     45.00     12.00
   12.00     30.00     50.00     12.00
   14.00     30.00      0.01     12.00
   14.00     30.00      0.03     12.00
   14.00     30.00      0.05     12.00
   14.00     30.00      0.10     12.00
   14.00     30.00      0.20     12.00
   14.00     30.00      0.40     12.00
   14.00     30.00      0.60     12.00
   14.00     30.00      0.80     12.00
   14.00     30.00      1.00     12.00
   14.00     30.00      1.20     12.00
   14.00     30.00      1.40     12.00
   14.00     30.00      1.60     12.00
   14.00     30.00      1.80     12.00
   14.00     30.00      2.00     12.00
   14.00     30.00      2.50     12.00
   14.00     30.00      3.00     12.00
   14.00     30.00      3.50     12.00
   14.00     30.00      4.00     12.00
   14.00     30.00      4.50     12.00
   14.00     30.00      5.00     12.00
   14.00     30.00      5.50     12.00
   14.00     30.00      6.00     12.00
   14.00     30.00      6.50     12.00
   14.00     30.00      7.00     12.00
   14.00     30.00      7.50     12.00
   14.00     30.00      8.00     12.00
   14.00     30.00      8.50     12.00
   14.00     30.00      9.00     12.00
   14.00     30.00      9.50     12.00
   14.00     30.00     10.00     12.00
   14.00     30.00     12.00     12.00
   14.00     30.00     14.00     12.00
   14.00     30.00     16.00     12.00
   14.00     30.00     18.00     12.00
   14.00     30.00     20.00     12.00
   14.00     30.00     25.00     12.00
   14.00     30.00     30.00     12.00
   14.00     30.00     35.00     12.00
   14.00     30.00     40.00     12.00
   14.00     30.00     45.00     12.00
   14.00     30.00     50.00     12.00
   16.00     30.00      0.01     12.00
   16.00     30.00      0.03     12.00
   16.00     30.00      0.05     12.00
   16.00     30.00      0.10     12.00
   16.00     30.00      0.20     12.00
   16.00     30.00      0.40     12.00
   16.00     30.00      0.60     12.00
   16.00     30.00      0.80     12.00
   16.00     30.00      1.00     12.00
   16.00     30.00      1.20     12.00
   16.00     30.00      1.40     12.00
   16.00     30.00      1.60     12.00
   16.00     30.00      1.80     12.00
   16.00     30.00      2.00     12.00
   16.00     30.00      2.50     12.00
   16.00     30.00      3.00     12.00
   16.00     30.00      3.50     12.00
   16.00     30.00      4.00     12.00
   16.00     30.00      4.50     12.00
   16.00     30.00      5.00     12.00
   16.00     30.00      5.50     12.00
   16.00     30.00      6.00     12.00
   16.00     30.00      6.50     12.00
   16.00     30.00      7.00     12.00
   16.00     30.00      7.50     12.00
   16.00     30.00      8.00     12.00
   16.00     30.00      8.50     12.00
   16.00     30.00      9.00     12.00
   16.00     30.00      9.50     12.00
   16.00     30.00     10.00     12.00
   16.00     30.00     12.00     12.00
   16.00     30.00     14.00     12.00
   16.00     30.00     16.00     12.00
   16.00     30.00     18.00     12.00
   16.00     30.00     20.00     12.00
   16.00     30.00     25.00     12.00
   16.00     30.00     30.00     12.00
   16.00     30.00     35.00     12.00
   16.00     30.00     40.00     12.00
   16.00     30.00     45.00     12.00
   16.00     30.00     50.00     12.00
   18.00     30.00      0.01     12.00
   18.00     30.00      0.03     12.00
   18.00     30.00      0.05     12.00
   18.00     30.00      0.10     12.00
   18.00     30.00      0.20     12.00
   18.00     30.00      0.40     12.00
   18.00     30.00      0.60     12.00
   18.00     30.00      0.80     12.00
   18.00     30.00      1.00     12.00
   18.00     30.00      1.20     12.00
   18.00     30.00      1.40     12.00
   18.00     30.00      1.60     12.00
   18.00     30.00      1.80     12.00
   18.00     30.00      2.00     12.00
   18.00     30.00      2.50     12.00
   18.00     30.00      3.00     12.00
   18.00     30.00      3.50     12.00
   18.00     30.00      4.00     12.00
   18.00     30.00      4.50     12.00
   18.00     30.00      5.00     12.00
   18.00     30.00      5.50     12.00
   18.00     30.00      6.00     12.00
   18.00     30.00      6.50     12.00
   18.00     30.00      7.00     12.00
   18.00     30.00      7.50     12.00
   18.00     30.00      8.00     12.00
   18.00     30.00      8.50     12.00
   18.00     30.00      9.00     12.00
   18.00     30.00      9.50     12.00
   18.00     30.00     10.00     12.00
   18.00     30.00     12.00     12.00
   18.00     30.00     14.00     12.00
   18.00     30.00     16.00     12.00
   18.00     30.00     18.00     12.00
   18.00     30.00     20.00     12.00
   18.00     30.00     25.00     12.00
   18.00     30.00     30.00     12.00
   18.00     30.00     35.00     12.00
   18.00     30.00     40.00     12.00
   18.00     30.00     45.00     12.00
   18.00     30.00     50.00     12.00
   20.00     30.00      0.01     12.00
   20.00     30.00      0.03     12.00
   20.00     30.00      0.05     12.00
   20.00     30.00      0.10     12.00
   20.00     30.00      0.20     12.00
   20.00     30.00      0.40     12.00
   20.00     30.00      0.60     12.00
   20.00     30.00      0.80     12.00
   20.00     30.00      1.00     12.00
   20.00     30.00      1.20     12.00
   20.00     30.00      1.40     12.00
   20.00     30.00      1.60     12.00
   20.00     30.00      1.80     12.00
   20.00     30.00      2.00     12.00
   20.00     30.00      2.50     12.00
   20.00     30.00      3.00     12.00
   20.00     30.00      3.50     12.00
   20.00     30.00      4.00     12.00
   20.00     30.00      4.50     12.00
   20.00     30.00      5.00     12.00
   20.00     30.00      5.50     12.00
   20.00     30.00      6.00     12.00
   20.00     30.00      6.50     12.00
   20.00     30.00      7.00     12.00
   20.00     30.00      7.50     12.00
   20.00     30.00      8.00     12.00
   20.00     30.00      8.50     12.00
   20.00     30.00      9.00     12.00
   20.00     30.00      9.50     12.00
   20.00     30.00     10.00     12.00
   20.00     30.00     12.00     12.00
   20.00     30.00     14.00     12.00
   20.00     30.00     16.00     12.00
   20.00     30.00     18.00     12.00
   20.00     30.00     20.00     12.00
   20.00     30.00     25.00     12.00
   20.00     30.00     30.00     12.00
   20.00     30.00     35.00     12.00
   20.00     30.00     40.00     12.00
   20.00     30.00     45.00     12.00
   20.00     30.00     50.00     12.00
   25.00     30.00      0.01     12.00
   25.00     30.00      0.03     12.00
   25.00     30.00      0.05     12.00
   25.00     30.00      0.10     12.00
   25.00     30.00      0.20     12.00
   25.00     30.00      0.40     12.00
   25.00     30.00      0.60     12.00
   25.00     30.00      0.80     12.00
   25.00     30.00      1.00     12.00
   25.00     30.00      1.20     12.00
   25.00     30.00      1.40     12.00
   25.00     30.00      1.60     12.00
   25.00     30.00      1.80     12.00
   25.00     30.00      2.00     12.00
   25.00     30.00      2.50     12.00
   25.00     30.00      3.00     12.00
   25.00     30.00      3.50     12.00
   25.00     30.00      4.00     12.00
   25.00     30.00      4.50     12.00
   25.00     30.00      5.00     12.00
   25.00     30.00      5.50     12.00
   25.00     30.00      6.00     12.00
   25.00     30.00      6.50     12.00
   25.00     30.00      7.00     12.00
   25.00     30.00      7.50     12.00
   25.00     30.00      8.00     12.00
   25.00     30.00      8.50     12.00
   25.00     30.00      9.00     12.00
   25.00     30.00      9.50     12.00
   25.00     30.00     10.00     12.00
   25.00     30.00     12.00     12.00
   25.00     30.00     14.00     12.00
   25.00     30.00     16.00     12.00
   25.00     30.00     18.00     12.00
   25.00     30.00     20.00     12.00
   25.00     30.00     25.00     12.00
   25.00     30.00     30.00     12.00
   25.00     30.00     35.00     12.00
   25.00     30.00     40.00     12.00
   25.00     30.00     45.00     12.00
   25.00     30.00     50.00     12.00
   30.00     30.00      0.01     12.00
   30.00     30.00      0.03     12.00
   30.00     30.00      0.05     12.00
   30.00     30.00      0.10     12.00
   30.00     30.00      0.20     12.00
   30.00     30.00      0.40     12.00
   30.00     30.00      0.60     12.00
   30.00     30.00      0.80     12.00
   30.00     30.00      1.00     12.00
   30.00     30.00      1.20     12.00
   30.00     30.00      1.40     12.00
   30.00     30.00      1.60     12.00
   30.00     30.00      1.80     12.00
   30.00     30.00      2.00     12.00
   30.00     30.00      2.50     12.00
   30.00     30.00      3.00     12.00
   30.00     30.00      3.50     12.00
   30.00     30.00      4.00     12.00
   30.00     30.00      4.50     12.00
   30.00     30.00      5.00     12.00
   30.00     30.00      5.50     12.00
   30.00     30.00      6.00     12.00
   30.00     30.00      6.50     12.00
   30.00     30.00      7.00     12.00
   30.00     30.00      7.50     12.00
   30.00     30.00      8.00     12.00
   30.00     30.00      8.50     12.00
   30.00     30.00      9.00     12.00
   30.00     30.00      9.50     12.00
   30.00     30.00     10.00     12.00
   30.00     30.00     12.00     12.00
   30.00     30.00     14.00     12.00
   30.00     30.00     16.00     12.00
   30.00     30.00     18.00     12.00
   30.00     30.00     20.00     12.00
   30.00     30.00     25.00     12.00
   30.00     30.00     30.00     12.00
   30.00     30.00     35.00     12.00
   30.00     30.00     40.00     12.00
   30.00     30.00     45.00     12.00
   30.00     30.00     50.00     12.00
   35.00     30.00      0.01     12.00
   35.00     30.00      0.03     12.00
   35.00     30.00      0.05     12.00
   35.00     30.00      0.10     12.00
   35.00     30.00      0.20     12.00
   35.00     30.00      0.40     12.00
   35.00     30.00      0.60     12.00
   35.00     30.00      0.80     12.00
   35.00     30.00      1.00     12.00
   35.00     30.00      1.20     12.00
   35.00     30.00      1.40     12.00
   35.00     30.00      1.60     12.00
   35.00     30.00      1.80     12.00
   35.00     30.00      2.00     12.00
   35.00     30.00      2.50     12.00
   35.00     30.00      3.00     12.00
   35.00     30.00      3.50     12.00
   35.00     30.00      4.00     12.00
   35.00     30.00      4.50     12.00
   35.00     30.00      5.00     12.00
   35.00     30.00      5.50     12.00
   35.00     30.00      6.00     12.00
   35.00     30.00      6.50     12.00
   35.00     30.00      7.00     12.00
   35.00     30.00      7.50     12.00
   35.00     30.00      8.00     12.00
   35.00     30.00      8.50     12.00
   35.00     30.00      9.00     12.00
   35.00     30.00      9.50     12.00
   35.00     30.00     10.00     12.00
   35.00     30.00     12.00     12.00
   35.00     30.00     14.00     12.00
   35.00     30.00     16.00     12.00
   35.00     30.00     18.00     12.00
   35.00     30.00     20.00     12.00
   35.00     30.00     25.00     12.00
   35.00     30.00     30.00     12.00
   35.00     30.00     35.00     12.00
   35.00     30.00     40.00     12.00
   35.00     30.00     45.00     12.00
   35.00     30.00     50.00     12.00
   40.00     30.00      0.01     12.00
   40.00     30.00      0.03     12.00
   40.00     30.00      0.05     12.00
   40.00     30.00      0.10     12.00
   40.00     30.00      0.20     12.00
   40.00     30.00      0.40     12.00
   40.00     30.00      0.60     12.00
   40.00     30.00      0.80     12.00
   40.00     30.00      1.00     12.00
   40.00     30.00      1.20     12.00
   40.00     30.00      1.40     12.00
   40.00     30.00      1.60     12.00
   40.00     30.00      1.80     12.00
   40.00     30.00      2.00     12.00
   40.00     30.00      2.50     12.00
   40.00     30.00      3.00     12.00
   40.00     30.00      3.50     12.00
   40.00     30.00      4.00     12.00
   40.00     30.00      4.50     12.00
   40.00     30.00      5.00     12.00
   40.00     30.00      5.50     12.00
   40.00     30.00      6.00     12.00
   40.00     30.00      6.50     12.00
   40.00     30.00      7.00     12.00
   40.00     30.00      7.50     12.00
   40.00     30.00      8.00     12.00
   40.00     30.00      8.50     12.00
   40.00     30.00      9.00     12.00
   40.00     30.00      9.50     12.00
   40.00     30.00     10.00     12.00
   40.00     30.00     12.00     12.00
   40.00     30.00     14.00     12.00
   40.00     30.00     16.00     12.00
   40.00     30.00     18.00     12.00
   40.00     30.00     20.00     12.00
   40.00     30.00     25.00     12.00
   40.00     30.00     30.00     12.00
   40.00     30.00     35.00     12.00
   40.00     30.00     40.00     12.00
   40.00     30.00     45.00     12.00
   40.00     30.00     50.00     12.00
   45.00     30.00      0.01     12.00
   45.00     30.00      0.03     12.00
   45.00     30.00      0.05     12.00
   45.00     30.00      0.10     12.00
   45.00     30.00      0.20     12.00
   45.00     30.00      0.40     12.00
   45.00     30.00      0.60     12.00
   45.00     30.00      0.80     12.00
   45.00     30.00      1.00     12.00
   45.00     30.00      1.20     12.00
   45.00     30.00      1.40     12.00
   45.00     30.00      1.60     12.00
   45.00     30.00      1.80     12.00
   45.00     30.00      2.00     12.00
   45.00     30.00      2.50     12.00
   45.00     30.00      3.00     12.00
   45.00     30.00      3.50     12.00
   45.00     30.00      4.00     12.00
   45.00     30.00      4.50     12.00
   45.00     30.00      5.00     12.00
   45.00     30.00      5.50     12.00
   45.00     30.00      6.00     12.00
   45.00     30.00      6.50     12.00
   45.00     30.00      7.00     12.00
   45.00     30.00      7.50     12.00
   45.00     30.00      8.00     12.00
   45.00     30.00      8.50     12.00
   45.00     30.00      9.00     12.00
   45.00     30.00      9.50     12.00
   45.00     30.00     10.00     12.00
   45.00     30.00     12.00     12.00
   45.00     30.00     14.00     12.00
   45.00     30.00     16.00     12.00
   45.00     30.00     18.00     12.00
   45.00     30.00     20.00     12.00
   45.00     30.00     25.00     12.00
   45.00     30.00     30.00     12.00
   45.00     30.00     35.00     12.00
   45.00     30.00     40.00     12.00
   45.00     30.00     45.00     12.00
   45.00     30.00     50.00     12.00
   50.00     30.00      0.01     12.00
   50.00     30.00      0.03     12.00
   50.00     30.00      0.05     12.00
   50.00     30.00      0.10     12.00
   50.00     30.00      0.20     12.00
   50.00     30.00      0.40     12.00
   50.00     30.00      0.60     12.00
   50.00     30.00      0.80     12.00
   50.00     30.00      1.00     12.00
   50.00     30.00      1.20     12.00
   50.00     30.00      1.40     12.00
   50.00     30.00      1.60     12.00
   50.00     30.00      1.80     12.00
   50.00     30.00      2.00     12.00
   50.00     30.00      2.50     12.00
   50.00     30.00      3.00     12.00
   50.00     30.00      3.50     12.00
   50.00     30.00      4.00     12.00
   50.00     30.00      4.50     12.00
   50.00     30.00      5.00     12.00
   50.00     30.00      5.50     12.00
   50.00     30.00      6.00     12.00
   50.00     30.00      6.50     12.00
   50.00     30.00      7.00     12.00
   50.00     30.00      7.50     12.00
   50.00     30.00      8.00     12.00
   50.00     30.00      8.50     12.00
   50.00     30.00      9.00     12.00
   50.00     30.00      9.50     12.00
   50.00     30.00     10.00     12.00
   50.00     30.00     12.00     12.00
   50.00     30.00     14.00     12.00
   50.00     30.00     16.00     12.00
   50.00     30.00     18.00     12.00
   50.00     30.00     20.00     12.00
   50.00     30.00     25.00     12.00
   50.00     30.00     30.00     12.00
   50.00     30.00     35.00     12.00
   50.00     30.00     40.00     12.00
   50.00     30.00     45.00     12.00
   50.00     30.00     50.00     12.00
